<?xml version="1.0" encoding="UTF-8"?>
<testsuites name="MAR PI" time="63.929" tests="6" failures="3" errors="0">
   <testsuite name="MAR PI" tests="6" failures="3" errors="0" time="63.929" skipped="0" timestamp="2023-10-18 16:19:36" hostname="admin - 172.20.10.6" id="Test Suites/Android/MAR PI">
      <properties>
         <property name="deviceName" value=""/>
         <property name="devicePlatform" value=""/>
         <property name="logFolder" value="/Users/admin/git/shahid-configuration/Reports/20231018_161841/Android/MAR PI/20231018_161842"/>
         <property name="logFiles" value="/Users/admin/git/shahid-configuration/Reports/20231018_161841/Android/MAR PI/20231018_161842/execution0.log"/>
         <property name="attachments" value=""/>
         <property name="hostName" value="admin - 172.20.10.6"/>
         <property name="hostAddress" value="172.20.10.6"/>
         <property name="os" value="Mac OS X 64bit"/>
         <property name="katalonVersion" value="8.6.6.208"/>
      </properties>
      <testcase name="Test Cases/ANDROID/MAR PI/ANDROID_FR_getSubscriptionConfigForMAR_SPORT" time="6.359" classname="Test Cases/ANDROID/MAR PI/ANDROID_FR_getSubscriptionConfigForMAR_SPORT" status="FAILED">
         <failure type="FAILED" message="Test Cases/ANDROID/MAR PI/ANDROID_FR_getSubscriptionConfigForMAR_SPORT FAILED.
Reason:
com.kms.katalon.core.exception.StepFailedException: Expected element property value 'Plan Annuel ' is not equal with actual property value 'Plan Annuel ​'
	at com.kms.katalon.core.keyword.internal.KeywordMain.stepFailed(KeywordMain.groovy:39)
	at com.kms.katalon.core.webservice.keyword.builtin.VerifyElementPropertyValueKeyword$_verifyElementPropertyValue_closure1.doCall(VerifyElementPropertyValueKeyword.groovy:56)
	at com.kms.katalon.core.webservice.keyword.builtin.VerifyElementPropertyValueKeyword$_verifyElementPropertyValue_closure1.call(VerifyElementPropertyValueKeyword.groovy)
	at com.kms.katalon.core.keyword.internal.KeywordMain.runKeyword(KeywordMain.groovy:75)
	at com.kms.katalon.core.webservice.keyword.builtin.VerifyElementPropertyValueKeyword.verifyElementPropertyValue(VerifyElementPropertyValueKeyword.groovy:48)
	at com.kms.katalon.core.webservice.keyword.builtin.VerifyElementPropertyValueKeyword.execute(VerifyElementPropertyValueKeyword.groovy:43)
	at com.kms.katalon.core.keyword.internal.KeywordExecutor.executeKeywordForPlatform(KeywordExecutor.groovy:74)
	at com.kms.katalon.core.webservice.keyword.WSBuiltInKeywords.verifyElementPropertyValue(WSBuiltInKeywords.groovy:190)
	at com.kms.katalon.core.webservice.keyword.WSBuiltInKeywords$verifyElementPropertyValue$1.call(Unknown Source)
	at ANDROID_FR_getSubscriptionConfigForMAR_SPORT.run(ANDROID_FR_getSubscriptionConfigForMAR_SPORT:244)
	at com.kms.katalon.core.main.ScriptEngine.run(ScriptEngine.java:194)
	at com.kms.katalon.core.main.ScriptEngine.runScriptAsRawText(ScriptEngine.java:119)
	at com.kms.katalon.core.main.TestCaseExecutor.runScript(TestCaseExecutor.java:448)
	at com.kms.katalon.core.main.TestCaseExecutor.doExecute(TestCaseExecutor.java:439)
	at com.kms.katalon.core.main.TestCaseExecutor.processExecutionPhase(TestCaseExecutor.java:418)
	at com.kms.katalon.core.main.TestCaseExecutor.accessMainPhase(TestCaseExecutor.java:410)
	at com.kms.katalon.core.main.TestCaseExecutor.execute(TestCaseExecutor.java:285)
	at com.kms.katalon.core.common.CommonExecutor.accessTestCaseMainPhase(CommonExecutor.java:65)
	at com.kms.katalon.core.main.TestSuiteExecutor.accessTestSuiteMainPhase(TestSuiteExecutor.java:148)
	at com.kms.katalon.core.main.TestSuiteExecutor.execute(TestSuiteExecutor.java:106)
	at com.kms.katalon.core.main.TestCaseMain.startTestSuite(TestCaseMain.java:187)
	at com.kms.katalon.core.main.TestCaseMain$startTestSuite$0.call(Unknown Source)
	at TempTestSuite1697635122805.run(TempTestSuite1697635122805.groovy:36)
"/>
         <system-out><![CDATA[2023-10-18 16:19:37 - [TEST_CASE][FAILED] - Test Cases/ANDROID/MAR PI/ANDROID_FR_getSubscriptionConfigForMAR_SPORT: Test Cases/ANDROID/MAR PI/ANDROID_FR_getSubscriptionConfigForMAR_SPORT FAILED.
Reason:
com.kms.katalon.core.exception.StepFailedException: Expected element property value 'Plan Annuel ' is not equal with actual property value 'Plan Annuel ​'
	at com.kms.katalon.core.keyword.internal.KeywordMain.stepFailed(KeywordMain.groovy:39)
	at com.kms.katalon.core.webservice.keyword.builtin.VerifyElementPropertyValueKeyword$_verifyElementPropertyValue_closure1.doCall(VerifyElementPropertyValueKeyword.groovy:56)
	at com.kms.katalon.core.webservice.keyword.builtin.VerifyElementPropertyValueKeyword$_verifyElementPropertyValue_closure1.call(VerifyElementPropertyValueKeyword.groovy)
	at com.kms.katalon.core.keyword.internal.KeywordMain.runKeyword(KeywordMain.groovy:75)
	at com.kms.katalon.core.webservice.keyword.builtin.VerifyElementPropertyValueKeyword.verifyElementPropertyValue(VerifyElementPropertyValueKeyword.groovy:48)
	at com.kms.katalon.core.webservice.keyword.builtin.VerifyElementPropertyValueKeyword.execute(VerifyElementPropertyValueKeyword.groovy:43)
	at com.kms.katalon.core.keyword.internal.KeywordExecutor.executeKeywordForPlatform(KeywordExecutor.groovy:74)
	at com.kms.katalon.core.webservice.keyword.WSBuiltInKeywords.verifyElementPropertyValue(WSBuiltInKeywords.groovy:190)
	at com.kms.katalon.core.webservice.keyword.WSBuiltInKeywords$verifyElementPropertyValue$1.call(Unknown Source)
	at ANDROID_FR_getSubscriptionConfigForMAR_SPORT.run(ANDROID_FR_getSubscriptionConfigForMAR_SPORT:244)
	at com.kms.katalon.core.main.ScriptEngine.run(ScriptEngine.java:194)
	at com.kms.katalon.core.main.ScriptEngine.runScriptAsRawText(ScriptEngine.java:119)
	at com.kms.katalon.core.main.TestCaseExecutor.runScript(TestCaseExecutor.java:448)
	at com.kms.katalon.core.main.TestCaseExecutor.doExecute(TestCaseExecutor.java:439)
	at com.kms.katalon.core.main.TestCaseExecutor.processExecutionPhase(TestCaseExecutor.java:418)
	at com.kms.katalon.core.main.TestCaseExecutor.accessMainPhase(TestCaseExecutor.java:410)
	at com.kms.katalon.core.main.TestCaseExecutor.execute(TestCaseExecutor.java:285)
	at com.kms.katalon.core.common.CommonExecutor.accessTestCaseMainPhase(CommonExecutor.java:65)
	at com.kms.katalon.core.main.TestSuiteExecutor.accessTestSuiteMainPhase(TestSuiteExecutor.java:148)
	at com.kms.katalon.core.main.TestSuiteExecutor.execute(TestSuiteExecutor.java:106)
	at com.kms.katalon.core.main.TestCaseMain.startTestSuite(TestCaseMain.java:187)
	at com.kms.katalon.core.main.TestCaseMain$startTestSuite$0.call(Unknown Source)
	at TempTestSuite1697635122805.run(TempTestSuite1697635122805.groovy:36)


2023-10-18 16:19:37 - [TEST_STEP][PASSED] - getResponse = config_files.getConfigFile.getConfig("ANDROID_APP", "FR", "SHAHID_VIP_SPORT", "MA", "false"): config_files.getConfigFile.getConfig is PASSED

2023-10-18 16:19:40 - [MESSAGE][INFO] - HAR: /Users/admin/git/shahid-configuration/Reports/20231018_161841/Android/MAR PI/20231018_161842/requests/main/0.har

2023-10-18 16:19:40 - [MESSAGE][PASSED] - Send request successfully

2023-10-18 16:19:40 - [MESSAGE][PASSED] - config_files.getConfigFile.getConfig is PASSED

2023-10-18 16:19:40 - [TEST_STEP][PASSED] - verifyResponseStatusCode(getResponse, 200): Verify response status code successfully

2023-10-18 16:19:40 - [MESSAGE][PASSED] - Verify response status code successfully

2023-10-18 16:19:40 - [TEST_STEP][PASSED] - verifyElementPropertyValue(getResponse, "country", "MAR"): Verify element property value successfully

2023-10-18 16:19:40 - [MESSAGE][PASSED] - Verify element property value successfully

2023-10-18 16:19:40 - [TEST_STEP][PASSED] - verifyElementPropertyValue(getResponse, "platform", "[ANDROID_APP]"): Verify element property value successfully

2023-10-18 16:19:40 - [MESSAGE][PASSED] - Verify element property value successfully

2023-10-18 16:19:40 - [TEST_STEP][PASSED] - verifyElementPropertyValue(getResponse, "offers[3].offerId", "winback-sport-30-offer"): Verify element property value successfully

2023-10-18 16:19:40 - [MESSAGE][PASSED] - Verify element property value successfully

2023-10-18 16:19:40 - [TEST_STEP][PASSED] - verifyElementPropertyValue(getResponse, "offers[3].offerParam", "sportsoffer30"): Verify element property value successfully

2023-10-18 16:19:40 - [MESSAGE][PASSED] - Verify element property value successfully

2023-10-18 16:19:40 - [TEST_STEP][PASSED] - verifyElementPropertyValue(getResponse, "offers[3].groups[0].pricingPlans[0].featured", "true"): Verify element property value successfully

2023-10-18 16:19:40 - [MESSAGE][PASSED] - Verify element property value successfully

2023-10-18 16:19:40 - [TEST_STEP][PASSED] - verifyElementPropertyValue(getResponse, "offers[3].groups[0].pricingPlans[0].period", "monthly"): Verify element property value successfully

2023-10-18 16:19:40 - [MESSAGE][PASSED] - Verify element property value successfully

2023-10-18 16:19:40 - [TEST_STEP][PASSED] - verifyElementPropertyValue(getResponse, "offers[3].groups[0].pricingPlans[0].featured", "true"): Verify element property value successfully

2023-10-18 16:19:40 - [MESSAGE][PASSED] - Verify element property value successfully

2023-10-18 16:19:40 - [TEST_STEP][PASSED] - verifyElementPropertyValue(getResponse, "offers[3].groups[0].pricingPlans[0].price", "47.0"): Verify element property value successfully

2023-10-18 16:19:40 - [MESSAGE][PASSED] - Verify element property value successfully

2023-10-18 16:19:40 - [TEST_STEP][PASSED] - verifyElementPropertyValue(getResponse, "offers[3].groups[0].pricingPlans[0].currency", "DH"): Verify element property value successfully

2023-10-18 16:19:40 - [MESSAGE][PASSED] - Verify element property value successfully

2023-10-18 16:19:40 - [TEST_STEP][PASSED] - verifyElementPropertyValue(getResponse, "offers[3].groups[0].pricingPlans[0].order", "0"): Verify element property value successfully

2023-10-18 16:19:40 - [MESSAGE][PASSED] - Verify element property value successfully

2023-10-18 16:19:40 - [TEST_STEP][PASSED] - verifyElementPropertyValue(getResponse, "offers[3].groups[0].pricingPlans[0].packageId", "SHAHID_VIP_SPORT"): Verify element property value successfully

2023-10-18 16:19:40 - [MESSAGE][PASSED] - Verify element property value successfully

2023-10-18 16:19:40 - [TEST_STEP][PASSED] - verifyElementPropertyValue(getResponse, "offers[3].groups[0].pricingPlans[0].catalogId", "SPORT"): Verify element property value successfully

2023-10-18 16:19:40 - [MESSAGE][PASSED] - Verify element property value successfully

2023-10-18 16:19:40 - [TEST_STEP][PASSED] - verifyElementPropertyValue(getResponse, "offers[3].groups[0].pricingPlans[0].visualElements[0].key", "Header_1_text"): Verify element property value successfully

2023-10-18 16:19:40 - [MESSAGE][PASSED] - Verify element property value successfully

2023-10-18 16:19:40 - [TEST_STEP][PASSED] - verifyElementPropertyValue(getResponse, "offers[3].groups[0].pricingPlans[0].visualElements[0].value", "Abonnez-vous dès maintenant et profitez de vos programmes sans publicité"): Verify element property value successfully

2023-10-18 16:19:40 - [MESSAGE][PASSED] - Verify element property value successfully

2023-10-18 16:19:40 - [TEST_STEP][PASSED] - verifyElementPropertyValue(getResponse, "offers[3].groups[0].pricingPlans[0].visualElements[1].key", "display_title"): Verify element property value successfully

2023-10-18 16:19:40 - [MESSAGE][PASSED] - Verify element property value successfully

2023-10-18 16:19:40 - [TEST_STEP][PASSED] - verifyElementPropertyValue(getResponse, "offers[3].groups[0].pricingPlans[0].visualElements[1].value", "30% de réduction"): Verify element property value successfully

2023-10-18 16:19:40 - [MESSAGE][PASSED] - Verify element property value successfully

2023-10-18 16:19:40 - [TEST_STEP][PASSED] - verifyElementPropertyValue(getResponse, "offers[3].groups[0].pricingPlans[0].visualElements[3].key", "deduction_text"): Verify element property value successfully

2023-10-18 16:19:40 - [MESSAGE][PASSED] - Verify element property value successfully

2023-10-18 16:19:40 - [TEST_STEP][PASSED] - verifyElementPropertyValue(getResponse, "offers[3].groups[0].pricingPlans[0].visualElements[3].value", "facturation mensuelle"): Verify element property value successfully

2023-10-18 16:19:40 - [MESSAGE][PASSED] - Verify element property value successfully

2023-10-18 16:19:40 - [TEST_STEP][PASSED] - verifyElementPropertyValue(getResponse, "offers[3].groups[0].pricingPlans[0].visualElements[6].key", "show_payment_logo"): Verify element property value successfully

2023-10-18 16:19:40 - [MESSAGE][PASSED] - Verify element property value successfully

2023-10-18 16:19:40 - [TEST_STEP][PASSED] - verifyElementPropertyValue(getResponse, "offers[3].groups[0].pricingPlans[0].visualElements[6].value", "true"): Verify element property value successfully

2023-10-18 16:19:40 - [MESSAGE][PASSED] - Verify element property value successfully

2023-10-18 16:19:40 - [TEST_STEP][PASSED] - verifyElementPropertyValue(getResponse, "offers[3].groups[0].pricingPlans[0].visualElements[8].key", "price"): Verify element property value successfully

2023-10-18 16:19:40 - [MESSAGE][PASSED] - Verify element property value successfully

2023-10-18 16:19:40 - [TEST_STEP][PASSED] - verifyElementPropertyValue(getResponse, "offers[3].groups[0].pricingPlans[0].visualElements[8].value", "47"): Verify element property value successfully

2023-10-18 16:19:40 - [MESSAGE][PASSED] - Verify element property value successfully

2023-10-18 16:19:40 - [TEST_STEP][PASSED] - verifyElementPropertyValue(getResponse, "offers[3].groups[0].pricingPlans[0].visualElements[9].key", "currency"): Verify element property value successfully

2023-10-18 16:19:40 - [MESSAGE][PASSED] - Verify element property value successfully

2023-10-18 16:19:40 - [TEST_STEP][PASSED] - verifyElementPropertyValue(getResponse, "offers[3].groups[0].pricingPlans[0].visualElements[9].value", "DH"): Verify element property value successfully

2023-10-18 16:19:40 - [MESSAGE][PASSED] - Verify element property value successfully

2023-10-18 16:19:40 - [TEST_STEP][PASSED] - verifyElementPropertyValue(getResponse, "offers[3].groups[0].pricingPlans[0].visualElements[10].key", "duration"): Verify element property value successfully

2023-10-18 16:19:41 - [MESSAGE][PASSED] - Verify element property value successfully

2023-10-18 16:19:41 - [TEST_STEP][PASSED] - verifyElementPropertyValue(getResponse, "offers[3].groups[0].pricingPlans[0].visualElements[10].value", "Mensuel"): Verify element property value successfully

2023-10-18 16:19:41 - [MESSAGE][PASSED] - Verify element property value successfully

2023-10-18 16:19:41 - [TEST_STEP][PASSED] - verifyElementPropertyValue(getResponse, "offers[3].groups[0].pricingPlans[0].visualElements[11].key", "featured_tag_text"): Verify element property value successfully

2023-10-18 16:19:41 - [MESSAGE][PASSED] - Verify element property value successfully

2023-10-18 16:19:41 - [TEST_STEP][PASSED] - verifyElementPropertyValue(getResponse, "offers[3].groups[0].pricingPlans[0].visualElements[11].value", "Offre limitée"): Verify element property value successfully

2023-10-18 16:19:41 - [MESSAGE][PASSED] - Verify element property value successfully

2023-10-18 16:19:41 - [TEST_STEP][PASSED] - verifyElementPropertyValue(getResponse, "offers[3].groups[0].pricingPlans[0].visualElements[13].key", "tag_text"): Verify element property value successfully

2023-10-18 16:19:41 - [MESSAGE][PASSED] - Verify element property value successfully

2023-10-18 16:19:41 - [TEST_STEP][PASSED] - verifyElementPropertyValue(getResponse, "offers[3].groups[0].pricingPlans[0].visualElements[13].value", "Économisez 30% "): Verify element property value successfully

2023-10-18 16:19:41 - [MESSAGE][PASSED] - Verify element property value successfully

2023-10-18 16:19:41 - [TEST_STEP][PASSED] - verifyElementPropertyValue(getResponse, "offers[3].groups[0].pricingPlans[0].visualElements[12].key", "show_tag"): Verify element property value successfully

2023-10-18 16:19:41 - [MESSAGE][PASSED] - Verify element property value successfully

2023-10-18 16:19:41 - [TEST_STEP][PASSED] - verifyElementPropertyValue(getResponse, "offers[3].groups[0].pricingPlans[0].visualElements[12].value", "true"): Verify element property value successfully

2023-10-18 16:19:41 - [MESSAGE][PASSED] - Verify element property value successfully

2023-10-18 16:19:41 - [TEST_STEP][PASSED] - verifyElementPropertyValue(getResponse, "offers[3].groups[0].pricingPlans[0].pricingPlanData[0].productId", "MAR_B2C_SHAHID_VIP_SPORT_1M"): Verify element property value successfully

2023-10-18 16:19:41 - [MESSAGE][PASSED] - Verify element property value successfully

2023-10-18 16:19:41 - [TEST_STEP][PASSED] - verifyElementPropertyValue(getResponse, "offers[3].groups[0].pricingPlans[0].pricingPlanData[0].subPricingPlanIds", "[net.shahid.monthly.vipsports]"): Verify element property value successfully

2023-10-18 16:19:41 - [MESSAGE][PASSED] - Verify element property value successfully

2023-10-18 16:19:41 - [TEST_STEP][PASSED] - verifyElementPropertyValue(getResponse, "offers[3].groups[0].pricingPlans[0].pricingPlanData[0].paymentMethod", "GOOGLE_IAP"): Verify element property value successfully

2023-10-18 16:19:41 - [MESSAGE][PASSED] - Verify element property value successfully

2023-10-18 16:19:41 - [TEST_STEP][PASSED] - verifyElementPropertyValue(getResponse, "offers[3].groups[0].pricingPlans[0].pricingPlanData[0].freeTrialEnabled", "false"): Verify element property value successfully

2023-10-18 16:19:41 - [MESSAGE][PASSED] - Verify element property value successfully

2023-10-18 16:19:41 - [TEST_STEP][PASSED] - verifyElementPropertyValue(getResponse, "offers[3].groups[0].pricingPlans[0].pricingPlanData[0].priceLabel", "47"): Verify element property value successfully

2023-10-18 16:19:41 - [MESSAGE][PASSED] - Verify element property value successfully

2023-10-18 16:19:41 - [TEST_STEP][PASSED] - verifyElementPropertyValue(getResponse, "offers[3].groups[0].pricingPlans[0].pricingPlanData[0].currencyLabel", "DH"): Verify element property value successfully

2023-10-18 16:19:41 - [MESSAGE][PASSED] - Verify element property value successfully

2023-10-18 16:19:41 - [TEST_STEP][PASSED] - verifyElementPropertyValue(getResponse, "offers[3].groups[0].pricingPlans[0].pricingPlanData[0].dealId", "GW_WB_SPORT_30P_MAR"): Verify element property value successfully

2023-10-18 16:19:41 - [MESSAGE][PASSED] - Verify element property value successfully

2023-10-18 16:19:41 - [TEST_STEP][PASSED] - verifyElementPropertyValue(getResponse, "offers[3].groups[0].pricingPlans[0].pricingPlanData[0].allowedForAcquisition", "true"): Verify element property value successfully

2023-10-18 16:19:41 - [MESSAGE][PASSED] - Verify element property value successfully

2023-10-18 16:19:41 - [TEST_STEP][PASSED] - verifyElementPropertyValue(getResponse, "offers[3].groups[0].pricingPlans[0].pricingPlanData[0].visualElements[1].key", "CTA_text"): Verify element property value successfully

2023-10-18 16:19:41 - [MESSAGE][PASSED] - Verify element property value successfully

2023-10-18 16:19:41 - [TEST_STEP][PASSED] - verifyElementPropertyValue(getResponse, "offers[3].groups[0].pricingPlans[0].pricingPlanData[0].visualElements[1].value", "S’abonner"): Verify element property value successfully

2023-10-18 16:19:41 - [MESSAGE][PASSED] - Verify element property value successfully

2023-10-18 16:19:41 - [TEST_STEP][PASSED] - verifyElementPropertyValue(getResponse, "offers[3].groups[0].pricingPlans[0].pricingPlanData[0].visualElements[2].key", "logo"): Verify element property value successfully

2023-10-18 16:19:41 - [MESSAGE][PASSED] - Verify element property value successfully

2023-10-18 16:19:41 - [TEST_STEP][PASSED] - verifyElementPropertyValue(getResponse, "offers[3].groups[0].pricingPlans[0].pricingPlanData[0].visualElements[2].value", "google"): Verify element property value successfully

2023-10-18 16:19:41 - [MESSAGE][PASSED] - Verify element property value successfully

2023-10-18 16:19:41 - [TEST_STEP][PASSED] - verifyElementPropertyValue(getResponse, "offers[4].offerId", "winback-sport-40-offer"): Verify element property value successfully

2023-10-18 16:19:41 - [MESSAGE][PASSED] - Verify element property value successfully

2023-10-18 16:19:41 - [TEST_STEP][PASSED] - verifyElementPropertyValue(getResponse, "offers[4].offerParam", "sportsoffer40"): Verify element property value successfully

2023-10-18 16:19:41 - [MESSAGE][PASSED] - Verify element property value successfully

2023-10-18 16:19:41 - [TEST_STEP][PASSED] - verifyElementPropertyValue(getResponse, "offers[4].groups[0].pricingPlans[0].featured", "true"): Verify element property value successfully

2023-10-18 16:19:41 - [MESSAGE][PASSED] - Verify element property value successfully

2023-10-18 16:19:41 - [TEST_STEP][PASSED] - verifyElementPropertyValue(getResponse, "offers[4].groups[0].pricingPlans[0].period", "monthly"): Verify element property value successfully

2023-10-18 16:19:41 - [MESSAGE][PASSED] - Verify element property value successfully

2023-10-18 16:19:41 - [TEST_STEP][PASSED] - verifyElementPropertyValue(getResponse, "offers[4].groups[0].pricingPlans[0].featured", "true"): Verify element property value successfully

2023-10-18 16:19:41 - [MESSAGE][PASSED] - Verify element property value successfully

2023-10-18 16:19:41 - [TEST_STEP][PASSED] - verifyElementPropertyValue(getResponse, "offers[4].groups[0].pricingPlans[0].price", "40.0"): Verify element property value successfully

2023-10-18 16:19:41 - [MESSAGE][PASSED] - Verify element property value successfully

2023-10-18 16:19:41 - [TEST_STEP][PASSED] - verifyElementPropertyValue(getResponse, "offers[4].groups[0].pricingPlans[0].currency", "DH"): Verify element property value successfully

2023-10-18 16:19:41 - [MESSAGE][PASSED] - Verify element property value successfully

2023-10-18 16:19:41 - [TEST_STEP][PASSED] - verifyElementPropertyValue(getResponse, "offers[4].groups[0].pricingPlans[0].order", "0"): Verify element property value successfully

2023-10-18 16:19:41 - [MESSAGE][PASSED] - Verify element property value successfully

2023-10-18 16:19:41 - [TEST_STEP][PASSED] - verifyElementPropertyValue(getResponse, "offers[4].groups[0].pricingPlans[0].packageId", "SHAHID_VIP_SPORT"): Verify element property value successfully

2023-10-18 16:19:41 - [MESSAGE][PASSED] - Verify element property value successfully

2023-10-18 16:19:41 - [TEST_STEP][PASSED] - verifyElementPropertyValue(getResponse, "offers[4].groups[0].pricingPlans[0].catalogId", "SPORT"): Verify element property value successfully

2023-10-18 16:19:41 - [MESSAGE][PASSED] - Verify element property value successfully

2023-10-18 16:19:41 - [TEST_STEP][PASSED] - verifyElementPropertyValue(getResponse, "offers[4].groups[0].pricingPlans[0].visualElements[0].key", "Header_1_text"): Verify element property value successfully

2023-10-18 16:19:41 - [MESSAGE][PASSED] - Verify element property value successfully

2023-10-18 16:19:41 - [TEST_STEP][PASSED] - verifyElementPropertyValue(getResponse, "offers[4].groups[0].pricingPlans[0].visualElements[0].value", "Abonnez-vous dès maintenant et profitez de vos programmes sans publicité"): Verify element property value successfully

2023-10-18 16:19:41 - [MESSAGE][PASSED] - Verify element property value successfully

2023-10-18 16:19:41 - [TEST_STEP][PASSED] - verifyElementPropertyValue(getResponse, "offers[4].groups[0].pricingPlans[0].visualElements[1].key", "display_title"): Verify element property value successfully

2023-10-18 16:19:41 - [MESSAGE][PASSED] - Verify element property value successfully

2023-10-18 16:19:41 - [TEST_STEP][PASSED] - verifyElementPropertyValue(getResponse, "offers[4].groups[0].pricingPlans[0].visualElements[1].value", "40% de réduction"): Verify element property value successfully

2023-10-18 16:19:41 - [MESSAGE][PASSED] - Verify element property value successfully

2023-10-18 16:19:41 - [TEST_STEP][PASSED] - verifyElementPropertyValue(getResponse, "offers[4].groups[0].pricingPlans[0].visualElements[3].key", "deduction_text"): Verify element property value successfully

2023-10-18 16:19:41 - [MESSAGE][PASSED] - Verify element property value successfully

2023-10-18 16:19:41 - [TEST_STEP][PASSED] - verifyElementPropertyValue(getResponse, "offers[4].groups[0].pricingPlans[0].visualElements[3].value", "facturation mensuelle"): Verify element property value successfully

2023-10-18 16:19:41 - [MESSAGE][PASSED] - Verify element property value successfully

2023-10-18 16:19:41 - [TEST_STEP][PASSED] - verifyElementPropertyValue(getResponse, "offers[4].groups[0].pricingPlans[0].visualElements[6].key", "show_payment_logo"): Verify element property value successfully

2023-10-18 16:19:41 - [MESSAGE][PASSED] - Verify element property value successfully

2023-10-18 16:19:41 - [TEST_STEP][PASSED] - verifyElementPropertyValue(getResponse, "offers[4].groups[0].pricingPlans[0].visualElements[6].value", "true"): Verify element property value successfully

2023-10-18 16:19:41 - [MESSAGE][PASSED] - Verify element property value successfully

2023-10-18 16:19:41 - [TEST_STEP][PASSED] - verifyElementPropertyValue(getResponse, "offers[4].groups[0].pricingPlans[0].visualElements[8].key", "price"): Verify element property value successfully

2023-10-18 16:19:41 - [MESSAGE][PASSED] - Verify element property value successfully

2023-10-18 16:19:41 - [TEST_STEP][PASSED] - verifyElementPropertyValue(getResponse, "offers[4].groups[0].pricingPlans[0].visualElements[8].value", "40"): Verify element property value successfully

2023-10-18 16:19:41 - [MESSAGE][PASSED] - Verify element property value successfully

2023-10-18 16:19:41 - [TEST_STEP][PASSED] - verifyElementPropertyValue(getResponse, "offers[4].groups[0].pricingPlans[0].visualElements[9].key", "currency"): Verify element property value successfully

2023-10-18 16:19:41 - [MESSAGE][PASSED] - Verify element property value successfully

2023-10-18 16:19:41 - [TEST_STEP][PASSED] - verifyElementPropertyValue(getResponse, "offers[4].groups[0].pricingPlans[0].visualElements[9].value", "DH"): Verify element property value successfully

2023-10-18 16:19:41 - [MESSAGE][PASSED] - Verify element property value successfully

2023-10-18 16:19:41 - [TEST_STEP][PASSED] - verifyElementPropertyValue(getResponse, "offers[4].groups[0].pricingPlans[0].visualElements[10].key", "duration"): Verify element property value successfully

2023-10-18 16:19:41 - [MESSAGE][PASSED] - Verify element property value successfully

2023-10-18 16:19:41 - [TEST_STEP][PASSED] - verifyElementPropertyValue(getResponse, "offers[4].groups[0].pricingPlans[0].visualElements[10].value", "Mensuel"): Verify element property value successfully

2023-10-18 16:19:41 - [MESSAGE][PASSED] - Verify element property value successfully

2023-10-18 16:19:41 - [TEST_STEP][PASSED] - verifyElementPropertyValue(getResponse, "offers[4].groups[0].pricingPlans[0].visualElements[11].key", "featured_tag_text"): Verify element property value successfully

2023-10-18 16:19:41 - [MESSAGE][PASSED] - Verify element property value successfully

2023-10-18 16:19:41 - [TEST_STEP][PASSED] - verifyElementPropertyValue(getResponse, "offers[4].groups[0].pricingPlans[0].visualElements[11].value", "Offre limitée"): Verify element property value successfully

2023-10-18 16:19:41 - [MESSAGE][PASSED] - Verify element property value successfully

2023-10-18 16:19:41 - [TEST_STEP][PASSED] - verifyElementPropertyValue(getResponse, "offers[4].groups[0].pricingPlans[0].visualElements[13].key", "tag_text"): Verify element property value successfully

2023-10-18 16:19:41 - [MESSAGE][PASSED] - Verify element property value successfully

2023-10-18 16:19:41 - [TEST_STEP][PASSED] - verifyElementPropertyValue(getResponse, "offers[4].groups[0].pricingPlans[0].visualElements[13].value", "Économisez 40% "): Verify element property value successfully

2023-10-18 16:19:41 - [MESSAGE][PASSED] - Verify element property value successfully

2023-10-18 16:19:41 - [TEST_STEP][PASSED] - verifyElementPropertyValue(getResponse, "offers[4].groups[0].pricingPlans[0].visualElements[12].key", "show_tag"): Verify element property value successfully

2023-10-18 16:19:41 - [MESSAGE][PASSED] - Verify element property value successfully

2023-10-18 16:19:41 - [TEST_STEP][PASSED] - verifyElementPropertyValue(getResponse, "offers[4].groups[0].pricingPlans[0].visualElements[12].value", "true"): Verify element property value successfully

2023-10-18 16:19:41 - [MESSAGE][PASSED] - Verify element property value successfully

2023-10-18 16:19:41 - [TEST_STEP][PASSED] - verifyElementPropertyValue(getResponse, "offers[4].groups[0].pricingPlans[0].pricingPlanData[0].productId", "MAR_B2C_SHAHID_VIP_SPORT_1M"): Verify element property value successfully

2023-10-18 16:19:41 - [MESSAGE][PASSED] - Verify element property value successfully

2023-10-18 16:19:41 - [TEST_STEP][PASSED] - verifyElementPropertyValue(getResponse, "offers[4].groups[0].pricingPlans[0].pricingPlanData[0].subPricingPlanIds", "[net.shahid.monthly.vipsports]"): Verify element property value successfully

2023-10-18 16:19:41 - [MESSAGE][PASSED] - Verify element property value successfully

2023-10-18 16:19:41 - [TEST_STEP][PASSED] - verifyElementPropertyValue(getResponse, "offers[4].groups[0].pricingPlans[0].pricingPlanData[0].paymentMethod", "GOOGLE_IAP"): Verify element property value successfully

2023-10-18 16:19:41 - [MESSAGE][PASSED] - Verify element property value successfully

2023-10-18 16:19:41 - [TEST_STEP][PASSED] - verifyElementPropertyValue(getResponse, "offers[4].groups[0].pricingPlans[0].pricingPlanData[0].freeTrialEnabled", "false"): Verify element property value successfully

2023-10-18 16:19:41 - [MESSAGE][PASSED] - Verify element property value successfully

2023-10-18 16:19:41 - [TEST_STEP][PASSED] - verifyElementPropertyValue(getResponse, "offers[4].groups[0].pricingPlans[0].pricingPlanData[0].priceLabel", "40"): Verify element property value successfully

2023-10-18 16:19:41 - [MESSAGE][PASSED] - Verify element property value successfully

2023-10-18 16:19:41 - [TEST_STEP][PASSED] - verifyElementPropertyValue(getResponse, "offers[4].groups[0].pricingPlans[0].pricingPlanData[0].currencyLabel", "DH"): Verify element property value successfully

2023-10-18 16:19:41 - [MESSAGE][PASSED] - Verify element property value successfully

2023-10-18 16:19:41 - [TEST_STEP][PASSED] - verifyElementPropertyValue(getResponse, "offers[4].groups[0].pricingPlans[0].pricingPlanData[0].dealId", "GW_WB_SPORT_40P_MAR"): Verify element property value successfully

2023-10-18 16:19:41 - [MESSAGE][PASSED] - Verify element property value successfully

2023-10-18 16:19:41 - [TEST_STEP][PASSED] - verifyElementPropertyValue(getResponse, "offers[4].groups[0].pricingPlans[0].pricingPlanData[0].allowedForAcquisition", "true"): Verify element property value successfully

2023-10-18 16:19:41 - [MESSAGE][PASSED] - Verify element property value successfully

2023-10-18 16:19:41 - [TEST_STEP][PASSED] - verifyElementPropertyValue(getResponse, "offers[4].groups[0].pricingPlans[0].pricingPlanData[0].visualElements[1].key", "CTA_text"): Verify element property value successfully

2023-10-18 16:19:41 - [MESSAGE][PASSED] - Verify element property value successfully

2023-10-18 16:19:41 - [TEST_STEP][PASSED] - verifyElementPropertyValue(getResponse, "offers[4].groups[0].pricingPlans[0].pricingPlanData[0].visualElements[1].value", "S’abonner"): Verify element property value successfully

2023-10-18 16:19:41 - [MESSAGE][PASSED] - Verify element property value successfully

2023-10-18 16:19:41 - [TEST_STEP][PASSED] - verifyElementPropertyValue(getResponse, "offers[4].groups[0].pricingPlans[0].pricingPlanData[0].visualElements[2].key", "logo"): Verify element property value successfully

2023-10-18 16:19:41 - [MESSAGE][PASSED] - Verify element property value successfully

2023-10-18 16:19:41 - [TEST_STEP][PASSED] - verifyElementPropertyValue(getResponse, "offers[4].groups[0].pricingPlans[0].pricingPlanData[0].visualElements[2].value", "google"): Verify element property value successfully

2023-10-18 16:19:41 - [MESSAGE][PASSED] - Verify element property value successfully

2023-10-18 16:19:41 - [TEST_STEP][PASSED] - verifyElementPropertyValue(getResponse, "offers[5].offerId", "winback-sport-50-offer"): Verify element property value successfully

2023-10-18 16:19:41 - [MESSAGE][PASSED] - Verify element property value successfully

2023-10-18 16:19:41 - [TEST_STEP][PASSED] - verifyElementPropertyValue(getResponse, "offers[5].offerParam", "sportsoffer50"): Verify element property value successfully

2023-10-18 16:19:41 - [MESSAGE][PASSED] - Verify element property value successfully

2023-10-18 16:19:41 - [TEST_STEP][PASSED] - verifyElementPropertyValue(getResponse, "offers[5].groups[0].pricingPlans[0].featured", "true"): Verify element property value successfully

2023-10-18 16:19:41 - [MESSAGE][PASSED] - Verify element property value successfully

2023-10-18 16:19:41 - [TEST_STEP][PASSED] - verifyElementPropertyValue(getResponse, "offers[5].groups[0].pricingPlans[0].period", "monthly"): Verify element property value successfully

2023-10-18 16:19:41 - [MESSAGE][PASSED] - Verify element property value successfully

2023-10-18 16:19:41 - [TEST_STEP][PASSED] - verifyElementPropertyValue(getResponse, "offers[5].groups[0].pricingPlans[0].featured", "true"): Verify element property value successfully

2023-10-18 16:19:41 - [MESSAGE][PASSED] - Verify element property value successfully

2023-10-18 16:19:41 - [TEST_STEP][PASSED] - verifyElementPropertyValue(getResponse, "offers[5].groups[0].pricingPlans[0].price", "34.0"): Verify element property value successfully

2023-10-18 16:19:41 - [MESSAGE][PASSED] - Verify element property value successfully

2023-10-18 16:19:41 - [TEST_STEP][PASSED] - verifyElementPropertyValue(getResponse, "offers[5].groups[0].pricingPlans[0].currency", "DH"): Verify element property value successfully

2023-10-18 16:19:41 - [MESSAGE][PASSED] - Verify element property value successfully

2023-10-18 16:19:41 - [TEST_STEP][PASSED] - verifyElementPropertyValue(getResponse, "offers[5].groups[0].pricingPlans[0].order", "0"): Verify element property value successfully

2023-10-18 16:19:41 - [MESSAGE][PASSED] - Verify element property value successfully

2023-10-18 16:19:41 - [TEST_STEP][PASSED] - verifyElementPropertyValue(getResponse, "offers[5].groups[0].pricingPlans[0].packageId", "SHAHID_VIP_SPORT"): Verify element property value successfully

2023-10-18 16:19:41 - [MESSAGE][PASSED] - Verify element property value successfully

2023-10-18 16:19:41 - [TEST_STEP][PASSED] - verifyElementPropertyValue(getResponse, "offers[5].groups[0].pricingPlans[0].catalogId", "SPORT"): Verify element property value successfully

2023-10-18 16:19:41 - [MESSAGE][PASSED] - Verify element property value successfully

2023-10-18 16:19:41 - [TEST_STEP][PASSED] - verifyElementPropertyValue(getResponse, "offers[5].groups[0].pricingPlans[0].visualElements[0].key", "Header_1_text"): Verify element property value successfully

2023-10-18 16:19:42 - [MESSAGE][PASSED] - Verify element property value successfully

2023-10-18 16:19:42 - [TEST_STEP][PASSED] - verifyElementPropertyValue(getResponse, "offers[5].groups[0].pricingPlans[0].visualElements[0].value", "Abonnez-vous dès maintenant et profitez de vos programmes sans publicité"): Verify element property value successfully

2023-10-18 16:19:42 - [MESSAGE][PASSED] - Verify element property value successfully

2023-10-18 16:19:42 - [TEST_STEP][PASSED] - verifyElementPropertyValue(getResponse, "offers[5].groups[0].pricingPlans[0].visualElements[1].key", "display_title"): Verify element property value successfully

2023-10-18 16:19:42 - [MESSAGE][PASSED] - Verify element property value successfully

2023-10-18 16:19:42 - [TEST_STEP][PASSED] - verifyElementPropertyValue(getResponse, "offers[5].groups[0].pricingPlans[0].visualElements[1].value", "50% de réduction"): Verify element property value successfully

2023-10-18 16:19:42 - [MESSAGE][PASSED] - Verify element property value successfully

2023-10-18 16:19:42 - [TEST_STEP][PASSED] - verifyElementPropertyValue(getResponse, "offers[5].groups[0].pricingPlans[0].visualElements[3].key", "deduction_text"): Verify element property value successfully

2023-10-18 16:19:42 - [MESSAGE][PASSED] - Verify element property value successfully

2023-10-18 16:19:42 - [TEST_STEP][PASSED] - verifyElementPropertyValue(getResponse, "offers[5].groups[0].pricingPlans[0].visualElements[3].value", "facturation mensuelle"): Verify element property value successfully

2023-10-18 16:19:42 - [MESSAGE][PASSED] - Verify element property value successfully

2023-10-18 16:19:42 - [TEST_STEP][PASSED] - verifyElementPropertyValue(getResponse, "offers[5].groups[0].pricingPlans[0].visualElements[6].key", "show_payment_logo"): Verify element property value successfully

2023-10-18 16:19:42 - [MESSAGE][PASSED] - Verify element property value successfully

2023-10-18 16:19:42 - [TEST_STEP][PASSED] - verifyElementPropertyValue(getResponse, "offers[5].groups[0].pricingPlans[0].visualElements[6].value", "true"): Verify element property value successfully

2023-10-18 16:19:42 - [MESSAGE][PASSED] - Verify element property value successfully

2023-10-18 16:19:42 - [TEST_STEP][PASSED] - verifyElementPropertyValue(getResponse, "offers[5].groups[0].pricingPlans[0].visualElements[8].key", "price"): Verify element property value successfully

2023-10-18 16:19:42 - [MESSAGE][PASSED] - Verify element property value successfully

2023-10-18 16:19:42 - [TEST_STEP][PASSED] - verifyElementPropertyValue(getResponse, "offers[5].groups[0].pricingPlans[0].visualElements[8].value", "34"): Verify element property value successfully

2023-10-18 16:19:42 - [MESSAGE][PASSED] - Verify element property value successfully

2023-10-18 16:19:42 - [TEST_STEP][PASSED] - verifyElementPropertyValue(getResponse, "offers[5].groups[0].pricingPlans[0].visualElements[9].key", "currency"): Verify element property value successfully

2023-10-18 16:19:42 - [MESSAGE][PASSED] - Verify element property value successfully

2023-10-18 16:19:42 - [TEST_STEP][PASSED] - verifyElementPropertyValue(getResponse, "offers[5].groups[0].pricingPlans[0].visualElements[9].value", "DH"): Verify element property value successfully

2023-10-18 16:19:42 - [MESSAGE][PASSED] - Verify element property value successfully

2023-10-18 16:19:42 - [TEST_STEP][PASSED] - verifyElementPropertyValue(getResponse, "offers[5].groups[0].pricingPlans[0].visualElements[10].key", "duration"): Verify element property value successfully

2023-10-18 16:19:42 - [MESSAGE][PASSED] - Verify element property value successfully

2023-10-18 16:19:42 - [TEST_STEP][PASSED] - verifyElementPropertyValue(getResponse, "offers[5].groups[0].pricingPlans[0].visualElements[10].value", "Mensuel"): Verify element property value successfully

2023-10-18 16:19:42 - [MESSAGE][PASSED] - Verify element property value successfully

2023-10-18 16:19:42 - [TEST_STEP][PASSED] - verifyElementPropertyValue(getResponse, "offers[5].groups[0].pricingPlans[0].visualElements[11].key", "featured_tag_text"): Verify element property value successfully

2023-10-18 16:19:42 - [MESSAGE][PASSED] - Verify element property value successfully

2023-10-18 16:19:42 - [TEST_STEP][PASSED] - verifyElementPropertyValue(getResponse, "offers[5].groups[0].pricingPlans[0].visualElements[11].value", "Offre limitée"): Verify element property value successfully

2023-10-18 16:19:42 - [MESSAGE][PASSED] - Verify element property value successfully

2023-10-18 16:19:42 - [TEST_STEP][PASSED] - verifyElementPropertyValue(getResponse, "offers[5].groups[0].pricingPlans[0].visualElements[13].key", "tag_text"): Verify element property value successfully

2023-10-18 16:19:42 - [MESSAGE][PASSED] - Verify element property value successfully

2023-10-18 16:19:42 - [TEST_STEP][PASSED] - verifyElementPropertyValue(getResponse, "offers[5].groups[0].pricingPlans[0].visualElements[13].value", "Économisez 50% "): Verify element property value successfully

2023-10-18 16:19:42 - [MESSAGE][PASSED] - Verify element property value successfully

2023-10-18 16:19:42 - [TEST_STEP][PASSED] - verifyElementPropertyValue(getResponse, "offers[5].groups[0].pricingPlans[0].visualElements[12].key", "show_tag"): Verify element property value successfully

2023-10-18 16:19:42 - [MESSAGE][PASSED] - Verify element property value successfully

2023-10-18 16:19:42 - [TEST_STEP][PASSED] - verifyElementPropertyValue(getResponse, "offers[5].groups[0].pricingPlans[0].visualElements[12].value", "true"): Verify element property value successfully

2023-10-18 16:19:42 - [MESSAGE][PASSED] - Verify element property value successfully

2023-10-18 16:19:42 - [TEST_STEP][PASSED] - verifyElementPropertyValue(getResponse, "offers[5].groups[0].pricingPlans[0].pricingPlanData[0].productId", "MAR_B2C_SHAHID_VIP_SPORT_1M"): Verify element property value successfully

2023-10-18 16:19:42 - [MESSAGE][PASSED] - Verify element property value successfully

2023-10-18 16:19:42 - [TEST_STEP][PASSED] - verifyElementPropertyValue(getResponse, "offers[5].groups[0].pricingPlans[0].pricingPlanData[0].subPricingPlanIds", "[net.shahid.monthly.vipsports]"): Verify element property value successfully

2023-10-18 16:19:42 - [MESSAGE][PASSED] - Verify element property value successfully

2023-10-18 16:19:42 - [TEST_STEP][PASSED] - verifyElementPropertyValue(getResponse, "offers[5].groups[0].pricingPlans[0].pricingPlanData[0].paymentMethod", "GOOGLE_IAP"): Verify element property value successfully

2023-10-18 16:19:42 - [MESSAGE][PASSED] - Verify element property value successfully

2023-10-18 16:19:42 - [TEST_STEP][PASSED] - verifyElementPropertyValue(getResponse, "offers[5].groups[0].pricingPlans[0].pricingPlanData[0].freeTrialEnabled", "false"): Verify element property value successfully

2023-10-18 16:19:42 - [MESSAGE][PASSED] - Verify element property value successfully

2023-10-18 16:19:42 - [TEST_STEP][PASSED] - verifyElementPropertyValue(getResponse, "offers[5].groups[0].pricingPlans[0].pricingPlanData[0].priceLabel", "34"): Verify element property value successfully

2023-10-18 16:19:42 - [MESSAGE][PASSED] - Verify element property value successfully

2023-10-18 16:19:42 - [TEST_STEP][PASSED] - verifyElementPropertyValue(getResponse, "offers[5].groups[0].pricingPlans[0].pricingPlanData[0].currencyLabel", "DH"): Verify element property value successfully

2023-10-18 16:19:42 - [MESSAGE][PASSED] - Verify element property value successfully

2023-10-18 16:19:42 - [TEST_STEP][PASSED] - verifyElementPropertyValue(getResponse, "offers[5].groups[0].pricingPlans[0].pricingPlanData[0].dealId", "GW_WB_SPORT_50P_MAR"): Verify element property value successfully

2023-10-18 16:19:42 - [MESSAGE][PASSED] - Verify element property value successfully

2023-10-18 16:19:42 - [TEST_STEP][PASSED] - verifyElementPropertyValue(getResponse, "offers[5].groups[0].pricingPlans[0].pricingPlanData[0].allowedForAcquisition", "true"): Verify element property value successfully

2023-10-18 16:19:42 - [MESSAGE][PASSED] - Verify element property value successfully

2023-10-18 16:19:42 - [TEST_STEP][PASSED] - verifyElementPropertyValue(getResponse, "offers[5].groups[0].pricingPlans[0].pricingPlanData[0].visualElements[1].key", "CTA_text"): Verify element property value successfully

2023-10-18 16:19:42 - [MESSAGE][PASSED] - Verify element property value successfully

2023-10-18 16:19:42 - [TEST_STEP][PASSED] - verifyElementPropertyValue(getResponse, "offers[5].groups[0].pricingPlans[0].pricingPlanData[0].visualElements[1].value", "S’abonner"): Verify element property value successfully

2023-10-18 16:19:42 - [MESSAGE][PASSED] - Verify element property value successfully

2023-10-18 16:19:42 - [TEST_STEP][PASSED] - verifyElementPropertyValue(getResponse, "offers[5].groups[0].pricingPlans[0].pricingPlanData[0].visualElements[2].key", "logo"): Verify element property value successfully

2023-10-18 16:19:42 - [MESSAGE][PASSED] - Verify element property value successfully

2023-10-18 16:19:42 - [TEST_STEP][PASSED] - verifyElementPropertyValue(getResponse, "offers[5].groups[0].pricingPlans[0].pricingPlanData[0].visualElements[2].value", "google"): Verify element property value successfully

2023-10-18 16:19:42 - [MESSAGE][PASSED] - Verify element property value successfully

2023-10-18 16:19:42 - [TEST_STEP][PASSED] - verifyElementPropertyValue(getResponse, "groups[0].pricingPlans[0].featured", "true"): Verify element property value successfully

2023-10-18 16:19:42 - [MESSAGE][PASSED] - Verify element property value successfully

2023-10-18 16:19:42 - [TEST_STEP][PASSED] - verifyElementPropertyValue(getResponse, "groups[0].pricingPlans[0].packageId", "SHAHID_VIP_SPORT"): Verify element property value successfully

2023-10-18 16:19:42 - [MESSAGE][PASSED] - Verify element property value successfully

2023-10-18 16:19:42 - [TEST_STEP][PASSED] - verifyElementPropertyValue(getResponse, "groups[0].pricingPlans[0].catalogId", "SPORT"): Verify element property value successfully

2023-10-18 16:19:42 - [MESSAGE][PASSED] - Verify element property value successfully

2023-10-18 16:19:42 - [TEST_STEP][PASSED] - verifyElementPropertyValue(getResponse, "groups[0].pricingPlans[0].visualElements[0].key", "Header_1_text"): Verify element property value successfully

2023-10-18 16:19:42 - [MESSAGE][PASSED] - Verify element property value successfully

2023-10-18 16:19:42 - [TEST_STEP][PASSED] - verifyElementPropertyValue(getResponse, "groups[0].pricingPlans[0].visualElements[0].value", "Abonnez-vous dès maintenant et profitez de vos programmes sans publicité"): Verify element property value successfully

2023-10-18 16:19:42 - [MESSAGE][PASSED] - Verify element property value successfully

2023-10-18 16:19:42 - [TEST_STEP][PASSED] - verifyElementPropertyValue(getResponse, "groups[0].pricingPlans[0].visualElements[1].key", "display_title"): Verify element property value successfully

2023-10-18 16:19:42 - [MESSAGE][PASSED] - Verify element property value successfully

2023-10-18 16:19:42 - [TEST_STEP][PASSED] - verifyElementPropertyValue(getResponse, "groups[0].pricingPlans[0].visualElements[1].value", "Plan Mensuel"): Verify element property value successfully

2023-10-18 16:19:42 - [MESSAGE][PASSED] - Verify element property value successfully

2023-10-18 16:19:42 - [TEST_STEP][PASSED] - verifyElementPropertyValue(getResponse, "groups[0].pricingPlans[0].visualElements[3].key", "promo_text"): Verify element property value successfully

2023-10-18 16:19:42 - [MESSAGE][PASSED] - Verify element property value successfully

2023-10-18 16:19:42 - [TEST_STEP][PASSED] - verifyElementPropertyValue(getResponse, "groups[0].pricingPlans[0].visualElements[3].value", "66 DH / mois"): Verify element property value successfully

2023-10-18 16:19:42 - [MESSAGE][PASSED] - Verify element property value successfully

2023-10-18 16:19:42 - [TEST_STEP][PASSED] - verifyElementPropertyValue(getResponse, "groups[0].pricingPlans[0].visualElements[4].key", "deduction_text"): Verify element property value successfully

2023-10-18 16:19:42 - [MESSAGE][PASSED] - Verify element property value successfully

2023-10-18 16:19:42 - [TEST_STEP][PASSED] - verifyElementPropertyValue(getResponse, "groups[0].pricingPlans[0].visualElements[4].value", "facturation mensuelle"): Verify element property value successfully

2023-10-18 16:19:42 - [MESSAGE][PASSED] - Verify element property value successfully

2023-10-18 16:19:42 - [TEST_STEP][PASSED] - verifyElementPropertyValue(getResponse, "groups[0].pricingPlans[0].visualElements[7].key", "show_payment_logo"): Verify element property value successfully

2023-10-18 16:19:42 - [MESSAGE][PASSED] - Verify element property value successfully

2023-10-18 16:19:42 - [TEST_STEP][PASSED] - verifyElementPropertyValue(getResponse, "groups[0].pricingPlans[0].visualElements[7].value", "true"): Verify element property value successfully

2023-10-18 16:19:42 - [MESSAGE][PASSED] - Verify element property value successfully

2023-10-18 16:19:42 - [TEST_STEP][PASSED] - verifyElementPropertyValue(getResponse, "groups[0].pricingPlans[0].visualElements[8].key", "show_tag"): Verify element property value successfully

2023-10-18 16:19:42 - [MESSAGE][PASSED] - Verify element property value successfully

2023-10-18 16:19:42 - [TEST_STEP][PASSED] - verifyElementPropertyValue(getResponse, "groups[0].pricingPlans[0].visualElements[8].value", "false"): Verify element property value successfully

2023-10-18 16:19:42 - [MESSAGE][PASSED] - Verify element property value successfully

2023-10-18 16:19:42 - [TEST_STEP][PASSED] - verifyElementPropertyValue(getResponse, "groups[0].pricingPlans[0].visualElements[10].key", "price"): Verify element property value successfully

2023-10-18 16:19:42 - [MESSAGE][PASSED] - Verify element property value successfully

2023-10-18 16:19:42 - [TEST_STEP][PASSED] - verifyElementPropertyValue(getResponse, "groups[0].pricingPlans[0].visualElements[10].value", "66"): Verify element property value successfully

2023-10-18 16:19:42 - [MESSAGE][PASSED] - Verify element property value successfully

2023-10-18 16:19:42 - [TEST_STEP][PASSED] - verifyElementPropertyValue(getResponse, "groups[0].pricingPlans[0].visualElements[11].key", "currency"): Verify element property value successfully

2023-10-18 16:19:42 - [MESSAGE][PASSED] - Verify element property value successfully

2023-10-18 16:19:42 - [TEST_STEP][PASSED] - verifyElementPropertyValue(getResponse, "groups[0].pricingPlans[0].visualElements[11].value", "DH"): Verify element property value successfully

2023-10-18 16:19:42 - [MESSAGE][PASSED] - Verify element property value successfully

2023-10-18 16:19:42 - [TEST_STEP][PASSED] - verifyElementPropertyValue(getResponse, "groups[0].pricingPlans[0].visualElements[12].key", "duration"): Verify element property value successfully

2023-10-18 16:19:42 - [MESSAGE][PASSED] - Verify element property value successfully

2023-10-18 16:19:42 - [TEST_STEP][PASSED] - verifyElementPropertyValue(getResponse, "groups[0].pricingPlans[0].visualElements[12].value", "Mensuel"): Verify element property value successfully

2023-10-18 16:19:42 - [MESSAGE][PASSED] - Verify element property value successfully

2023-10-18 16:19:42 - [TEST_STEP][PASSED] - verifyElementPropertyValue(getResponse, "groups[0].pricingPlans[0].visualElements[13].key", "featured_tag_text"): Verify element property value successfully

2023-10-18 16:19:42 - [MESSAGE][PASSED] - Verify element property value successfully

2023-10-18 16:19:42 - [TEST_STEP][PASSED] - verifyElementPropertyValue(getResponse, "groups[0].pricingPlans[0].visualElements[13].value", "Le plus populaire"): Verify element property value successfully

2023-10-18 16:19:42 - [MESSAGE][PASSED] - Verify element property value successfully

2023-10-18 16:19:42 - [TEST_STEP][PASSED] - verifyElementPropertyValue(getResponse, "groups[0].pricingPlans[0].order", "3"): Verify element property value successfully

2023-10-18 16:19:42 - [MESSAGE][PASSED] - Verify element property value successfully

2023-10-18 16:19:42 - [TEST_STEP][PASSED] - verifyElementPropertyValue(getResponse, "groups[0].pricingPlans[0].period", "monthly"): Verify element property value successfully

2023-10-18 16:19:42 - [MESSAGE][PASSED] - Verify element property value successfully

2023-10-18 16:19:42 - [TEST_STEP][PASSED] - verifyElementPropertyValue(getResponse, "groups[0].pricingPlans[0].price", "66.0"): Verify element property value successfully

2023-10-18 16:19:42 - [MESSAGE][PASSED] - Verify element property value successfully

2023-10-18 16:19:42 - [TEST_STEP][PASSED] - verifyElementPropertyValue(getResponse, "groups[0].pricingPlans[0].currency", "DH"): Verify element property value successfully

2023-10-18 16:19:42 - [MESSAGE][PASSED] - Verify element property value successfully

2023-10-18 16:19:42 - [TEST_STEP][PASSED] - verifyElementPropertyValue(getResponse, "groups[0].pricingPlans[0].pricingPlanData[0].productId", "MAR_B2C_SHAHID_VIP_SPORT_1M"): Verify element property value successfully

2023-10-18 16:19:42 - [MESSAGE][PASSED] - Verify element property value successfully

2023-10-18 16:19:42 - [TEST_STEP][PASSED] - verifyElementPropertyValue(getResponse, "groups[0].pricingPlans[0].pricingPlanData[0].subPricingPlanIds", "[net.shahid.monthly.vipsports]"): Verify element property value successfully

2023-10-18 16:19:42 - [MESSAGE][PASSED] - Verify element property value successfully

2023-10-18 16:19:42 - [TEST_STEP][PASSED] - verifyElementPropertyValue(getResponse, "groups[0].pricingPlans[0].pricingPlanData[0].paymentMethod", "GOOGLE_IAP"): Verify element property value successfully

2023-10-18 16:19:42 - [MESSAGE][PASSED] - Verify element property value successfully

2023-10-18 16:19:42 - [TEST_STEP][PASSED] - verifyElementPropertyValue(getResponse, "groups[0].pricingPlans[0].pricingPlanData[0].freeTrialEnabled", "false"): Verify element property value successfully

2023-10-18 16:19:42 - [MESSAGE][PASSED] - Verify element property value successfully

2023-10-18 16:19:42 - [TEST_STEP][PASSED] - verifyElementPropertyValue(getResponse, "groups[0].pricingPlans[0].pricingPlanData[0].visualElements[1].key", "CTA_text"): Verify element property value successfully

2023-10-18 16:19:42 - [MESSAGE][PASSED] - Verify element property value successfully

2023-10-18 16:19:42 - [TEST_STEP][PASSED] - verifyElementPropertyValue(getResponse, "groups[0].pricingPlans[0].pricingPlanData[0].visualElements[1].value", "S'abonner"): Verify element property value successfully

2023-10-18 16:19:42 - [MESSAGE][PASSED] - Verify element property value successfully

2023-10-18 16:19:42 - [TEST_STEP][PASSED] - verifyElementPropertyValue(getResponse, "groups[0].pricingPlans[0].pricingPlanData[0].visualElements[2].key", "logo"): Verify element property value successfully

2023-10-18 16:19:42 - [MESSAGE][PASSED] - Verify element property value successfully

2023-10-18 16:19:42 - [TEST_STEP][PASSED] - verifyElementPropertyValue(getResponse, "groups[0].pricingPlans[0].pricingPlanData[0].visualElements[2].value", "google"): Verify element property value successfully

2023-10-18 16:19:42 - [MESSAGE][PASSED] - Verify element property value successfully

2023-10-18 16:19:42 - [TEST_STEP][PASSED] - verifyElementPropertyValue(getResponse, "groups[0].pricingPlans[0].pricingPlanData[0].priceLabel", "66"): Verify element property value successfully

2023-10-18 16:19:42 - [MESSAGE][PASSED] - Verify element property value successfully

2023-10-18 16:19:42 - [TEST_STEP][PASSED] - verifyElementPropertyValue(getResponse, "groups[0].pricingPlans[0].pricingPlanData[0].currencyLabel", "DH"): Verify element property value successfully

2023-10-18 16:19:42 - [MESSAGE][PASSED] - Verify element property value successfully

2023-10-18 16:19:42 - [TEST_STEP][PASSED] - verifyElementPropertyValue(getResponse, "groups[0].pricingPlans[1].featured", "false"): Verify element property value successfully

2023-10-18 16:19:42 - [MESSAGE][PASSED] - Verify element property value successfully

2023-10-18 16:19:42 - [TEST_STEP][PASSED] - verifyElementPropertyValue(getResponse, "groups[0].pricingPlans[1].packageId", "SHAHID_VIP_SPORT"): Verify element property value successfully

2023-10-18 16:19:42 - [MESSAGE][PASSED] - Verify element property value successfully

2023-10-18 16:19:42 - [TEST_STEP][PASSED] - verifyElementPropertyValue(getResponse, "groups[0].pricingPlans[1].catalogId", "SPORT"): Verify element property value successfully

2023-10-18 16:19:42 - [MESSAGE][PASSED] - Verify element property value successfully

2023-10-18 16:19:42 - [TEST_STEP][PASSED] - verifyElementPropertyValue(getResponse, "groups[0].pricingPlans[1].visualElements[0].key", "Header_1_text"): Verify element property value successfully

2023-10-18 16:19:42 - [MESSAGE][PASSED] - Verify element property value successfully

2023-10-18 16:19:42 - [TEST_STEP][PASSED] - verifyElementPropertyValue(getResponse, "groups[0].pricingPlans[1].visualElements[0].value", "Abonnez-vous dès maintenant et profitez de vos programmes sans publicité"): Verify element property value successfully

2023-10-18 16:19:42 - [MESSAGE][PASSED] - Verify element property value successfully

2023-10-18 16:19:42 - [TEST_STEP][PASSED] - verifyElementPropertyValue(getResponse, "groups[0].pricingPlans[1].visualElements[1].key", "display_title"): Verify element property value successfully

2023-10-18 16:19:43 - [MESSAGE][PASSED] - Verify element property value successfully

2023-10-18 16:19:43 - [TEST_STEP][FAILED] - verifyElementPropertyValue(getResponse, "groups[0].pricingPlans[1].visualElements[1].value", "Plan Annuel "): Expected element property value 'Plan Annuel ' is not equal with actual property value 'Plan Annuel ​'

2023-10-18 16:19:43 - [MESSAGE][FAILED] - Expected element property value 'Plan Annuel ' is not equal with actual property value 'Plan Annuel ​'

2023-10-18 16:19:43 - [TEST_STEP][PASSED] - verifyElementPropertyValue(getResponse, "groups[0].pricingPlans[1].visualElements[2].key", "tag_text"): Verify element property value successfully

2023-10-18 16:19:43 - [MESSAGE][PASSED] - Verify element property value successfully

2023-10-18 16:19:43 - [TEST_STEP][PASSED] - verifyElementPropertyValue(getResponse, "groups[0].pricingPlans[1].visualElements[2].value", "Économisez 21%"): Verify element property value successfully

2023-10-18 16:19:43 - [MESSAGE][PASSED] - Verify element property value successfully

2023-10-18 16:19:43 - [TEST_STEP][PASSED] - verifyElementPropertyValue(getResponse, "groups[0].pricingPlans[1].visualElements[3].key", "promo_text"): Verify element property value successfully

2023-10-18 16:19:43 - [MESSAGE][PASSED] - Verify element property value successfully

2023-10-18 16:19:43 - [TEST_STEP][PASSED] - verifyElementPropertyValue(getResponse, "groups[0].pricingPlans[1].visualElements[3].value", "52.33 DH/ mois"): Verify element property value successfully

2023-10-18 16:19:43 - [MESSAGE][PASSED] - Verify element property value successfully

2023-10-18 16:19:43 - [TEST_STEP][PASSED] - verifyElementPropertyValue(getResponse, "groups[0].pricingPlans[1].visualElements[4].key", "deduction_text"): Verify element property value successfully

2023-10-18 16:19:43 - [MESSAGE][PASSED] - Verify element property value successfully

2023-10-18 16:19:43 - [TEST_STEP][PASSED] - verifyElementPropertyValue(getResponse, "groups[0].pricingPlans[1].visualElements[4].value", "628 DH facturés chaque année"): Verify element property value successfully

2023-10-18 16:19:43 - [MESSAGE][PASSED] - Verify element property value successfully

2023-10-18 16:19:43 - [TEST_STEP][PASSED] - verifyElementPropertyValue(getResponse, "groups[0].pricingPlans[1].visualElements[7].key", "show_payment_logo"): Verify element property value successfully

2023-10-18 16:19:43 - [MESSAGE][PASSED] - Verify element property value successfully

2023-10-18 16:19:43 - [TEST_STEP][PASSED] - verifyElementPropertyValue(getResponse, "groups[0].pricingPlans[1].visualElements[7].value", "true"): Verify element property value successfully

2023-10-18 16:19:43 - [MESSAGE][PASSED] - Verify element property value successfully

2023-10-18 16:19:43 - [TEST_STEP][PASSED] - verifyElementPropertyValue(getResponse, "groups[0].pricingPlans[1].visualElements[8].key", "show_tag"): Verify element property value successfully

2023-10-18 16:19:43 - [MESSAGE][PASSED] - Verify element property value successfully

2023-10-18 16:19:43 - [TEST_STEP][PASSED] - verifyElementPropertyValue(getResponse, "groups[0].pricingPlans[1].visualElements[8].value", "true"): Verify element property value successfully

2023-10-18 16:19:43 - [MESSAGE][PASSED] - Verify element property value successfully

2023-10-18 16:19:43 - [TEST_STEP][PASSED] - verifyElementPropertyValue(getResponse, "groups[0].pricingPlans[1].visualElements[10].key", "price"): Verify element property value successfully

2023-10-18 16:19:43 - [MESSAGE][PASSED] - Verify element property value successfully

2023-10-18 16:19:43 - [TEST_STEP][PASSED] - verifyElementPropertyValue(getResponse, "groups[0].pricingPlans[1].visualElements[10].value", "628"): Verify element property value successfully

2023-10-18 16:19:43 - [MESSAGE][PASSED] - Verify element property value successfully

2023-10-18 16:19:43 - [TEST_STEP][PASSED] - verifyElementPropertyValue(getResponse, "groups[0].pricingPlans[1].visualElements[11].key", "currency"): Verify element property value successfully

2023-10-18 16:19:43 - [MESSAGE][PASSED] - Verify element property value successfully

2023-10-18 16:19:43 - [TEST_STEP][PASSED] - verifyElementPropertyValue(getResponse, "groups[0].pricingPlans[1].visualElements[11].value", "DH"): Verify element property value successfully

2023-10-18 16:19:43 - [MESSAGE][PASSED] - Verify element property value successfully

2023-10-18 16:19:43 - [TEST_STEP][PASSED] - verifyElementPropertyValue(getResponse, "groups[0].pricingPlans[1].visualElements[12].key", "duration"): Verify element property value successfully

2023-10-18 16:19:43 - [MESSAGE][PASSED] - Verify element property value successfully

2023-10-18 16:19:43 - [TEST_STEP][PASSED] - verifyElementPropertyValue(getResponse, "groups[0].pricingPlans[1].visualElements[12].value", "Annuel"): Verify element property value successfully

2023-10-18 16:19:43 - [MESSAGE][PASSED] - Verify element property value successfully

2023-10-18 16:19:43 - [TEST_STEP][PASSED] - verifyElementPropertyValue(getResponse, "groups[0].pricingPlans[1].order", "5"): Verify element property value successfully

2023-10-18 16:19:43 - [MESSAGE][PASSED] - Verify element property value successfully

2023-10-18 16:19:43 - [TEST_STEP][PASSED] - verifyElementPropertyValue(getResponse, "groups[0].pricingPlans[1].period", "yearly"): Verify element property value successfully

2023-10-18 16:19:43 - [MESSAGE][PASSED] - Verify element property value successfully

2023-10-18 16:19:43 - [TEST_STEP][PASSED] - verifyElementPropertyValue(getResponse, "groups[0].pricingPlans[1].price", "628.0"): Verify element property value successfully

2023-10-18 16:19:43 - [MESSAGE][PASSED] - Verify element property value successfully

2023-10-18 16:19:43 - [TEST_STEP][PASSED] - verifyElementPropertyValue(getResponse, "groups[0].pricingPlans[1].currency", "DH"): Verify element property value successfully

2023-10-18 16:19:43 - [MESSAGE][PASSED] - Verify element property value successfully

2023-10-18 16:19:43 - [TEST_STEP][PASSED] - verifyElementPropertyValue(getResponse, "groups[0].pricingPlans[1].pricingPlanData[0].productId", "MAR_B2C_SHAHID_VIP_SPORT_12M"): Verify element property value successfully

2023-10-18 16:19:43 - [MESSAGE][PASSED] - Verify element property value successfully

2023-10-18 16:19:43 - [TEST_STEP][PASSED] - verifyElementPropertyValue(getResponse, "groups[0].pricingPlans[1].pricingPlanData[0].subPricingPlanIds", "[net.shahid.yearly.vipsports]"): Verify element property value successfully

2023-10-18 16:19:43 - [MESSAGE][PASSED] - Verify element property value successfully

2023-10-18 16:19:43 - [TEST_STEP][PASSED] - verifyElementPropertyValue(getResponse, "groups[0].pricingPlans[1].pricingPlanData[0].paymentMethod", "GOOGLE_IAP"): Verify element property value successfully

2023-10-18 16:19:43 - [MESSAGE][PASSED] - Verify element property value successfully

2023-10-18 16:19:43 - [TEST_STEP][PASSED] - verifyElementPropertyValue(getResponse, "groups[0].pricingPlans[1].pricingPlanData[0].freeTrialEnabled", "false"): Verify element property value successfully

2023-10-18 16:19:43 - [MESSAGE][PASSED] - Verify element property value successfully

2023-10-18 16:19:43 - [TEST_STEP][PASSED] - verifyElementPropertyValue(getResponse, "groups[0].pricingPlans[1].pricingPlanData[0].visualElements[1].key", "CTA_text"): Verify element property value successfully

2023-10-18 16:19:43 - [MESSAGE][PASSED] - Verify element property value successfully

2023-10-18 16:19:43 - [TEST_STEP][PASSED] - verifyElementPropertyValue(getResponse, "groups[0].pricingPlans[1].pricingPlanData[0].visualElements[1].value", "S'abonner"): Verify element property value successfully

2023-10-18 16:19:43 - [MESSAGE][PASSED] - Verify element property value successfully

2023-10-18 16:19:43 - [TEST_STEP][PASSED] - verifyElementPropertyValue(getResponse, "groups[0].pricingPlans[1].pricingPlanData[0].visualElements[2].key", "logo"): Verify element property value successfully

2023-10-18 16:19:43 - [MESSAGE][PASSED] - Verify element property value successfully

2023-10-18 16:19:43 - [TEST_STEP][PASSED] - verifyElementPropertyValue(getResponse, "groups[0].pricingPlans[1].pricingPlanData[0].visualElements[2].value", "google"): Verify element property value successfully

2023-10-18 16:19:43 - [MESSAGE][PASSED] - Verify element property value successfully

2023-10-18 16:19:43 - [TEST_STEP][PASSED] - verifyElementPropertyValue(getResponse, "groups[0].pricingPlans[1].pricingPlanData[0].priceLabel", "628"): Verify element property value successfully

2023-10-18 16:19:43 - [MESSAGE][PASSED] - Verify element property value successfully

2023-10-18 16:19:43 - [TEST_STEP][PASSED] - verifyElementPropertyValue(getResponse, "groups[0].pricingPlans[1].pricingPlanData[0].currencyLabel", "DH"): Verify element property value successfully

2023-10-18 16:19:43 - [MESSAGE][PASSED] - Verify element property value successfully

2023-10-18 16:19:43 - [TEST_STEP][PASSED] - verifyElementPropertyValue(getResponse, "visualElements[0].key", "main_CTA_text_1"): Verify element property value successfully

2023-10-18 16:19:43 - [MESSAGE][PASSED] - Verify element property value successfully

2023-10-18 16:19:43 - [TEST_STEP][PASSED] - verifyElementPropertyValue(getResponse, "visualElements[0].value", "Abonnez-vous dès maintenant et profitez de vos programmes sans publicité"): Verify element property value successfully

2023-10-18 16:19:43 - [MESSAGE][PASSED] - Verify element property value successfully

2023-10-18 16:19:43 - [TEST_STEP][PASSED] - verifyElementPropertyValue(getResponse, "visualElements[2].key", "main_disclaimer_text"): Verify element property value successfully

2023-10-18 16:19:43 - [MESSAGE][PASSED] - Verify element property value successfully

2023-10-18 16:19:43 - [TEST_STEP][PASSED] - verifyElementPropertyValue(getResponse, "visualElements[2].value", "L'offre n'est pas valable pour les anciens abonnés via Google Play. Les frais d'abonnement peuvent varier selon le pays, le moyen de paiement, le forfait, les taxes, les taux de change et les frais bancaires. Les conditions générales d'utilisation s'appliquent."): Verify element property value successfully

2023-10-18 16:19:43 - [MESSAGE][PASSED] - Verify element property value successfully

2023-10-18 16:19:43 - [TEST_STEP][PASSED] - verifyElementPropertyValue(getResponse, "visualElements[4].key", "display_type"): Verify element property value successfully

2023-10-18 16:19:43 - [MESSAGE][PASSED] - Verify element property value successfully

2023-10-18 16:19:43 - [TEST_STEP][PASSED] - verifyElementPropertyValue(getResponse, "visualElements[4].value", "vertical"): Verify element property value successfully

2023-10-18 16:19:43 - [MESSAGE][PASSED] - Verify element property value successfully

2023-10-18 16:19:43 - [TEST_STEP][PASSED] - verifyElementPropertyValue(getResponse, "defaultPackageId", "SHAHID_VIP"): Verify element property value successfully

2023-10-18 16:19:43 - [MESSAGE][PASSED] - Verify element property value successfully]]></system-out>
         <system-err><![CDATA[2023-10-18 16:19:37 - [TEST_CASE][FAILED] - Test Cases/ANDROID/MAR PI/ANDROID_FR_getSubscriptionConfigForMAR_SPORT: Test Cases/ANDROID/MAR PI/ANDROID_FR_getSubscriptionConfigForMAR_SPORT FAILED.
Reason:
com.kms.katalon.core.exception.StepFailedException: Expected element property value 'Plan Annuel ' is not equal with actual property value 'Plan Annuel ​'
	at com.kms.katalon.core.keyword.internal.KeywordMain.stepFailed(KeywordMain.groovy:39)
	at com.kms.katalon.core.webservice.keyword.builtin.VerifyElementPropertyValueKeyword$_verifyElementPropertyValue_closure1.doCall(VerifyElementPropertyValueKeyword.groovy:56)
	at com.kms.katalon.core.webservice.keyword.builtin.VerifyElementPropertyValueKeyword$_verifyElementPropertyValue_closure1.call(VerifyElementPropertyValueKeyword.groovy)
	at com.kms.katalon.core.keyword.internal.KeywordMain.runKeyword(KeywordMain.groovy:75)
	at com.kms.katalon.core.webservice.keyword.builtin.VerifyElementPropertyValueKeyword.verifyElementPropertyValue(VerifyElementPropertyValueKeyword.groovy:48)
	at com.kms.katalon.core.webservice.keyword.builtin.VerifyElementPropertyValueKeyword.execute(VerifyElementPropertyValueKeyword.groovy:43)
	at com.kms.katalon.core.keyword.internal.KeywordExecutor.executeKeywordForPlatform(KeywordExecutor.groovy:74)
	at com.kms.katalon.core.webservice.keyword.WSBuiltInKeywords.verifyElementPropertyValue(WSBuiltInKeywords.groovy:190)
	at com.kms.katalon.core.webservice.keyword.WSBuiltInKeywords$verifyElementPropertyValue$1.call(Unknown Source)
	at ANDROID_FR_getSubscriptionConfigForMAR_SPORT.run(ANDROID_FR_getSubscriptionConfigForMAR_SPORT:244)
	at com.kms.katalon.core.main.ScriptEngine.run(ScriptEngine.java:194)
	at com.kms.katalon.core.main.ScriptEngine.runScriptAsRawText(ScriptEngine.java:119)
	at com.kms.katalon.core.main.TestCaseExecutor.runScript(TestCaseExecutor.java:448)
	at com.kms.katalon.core.main.TestCaseExecutor.doExecute(TestCaseExecutor.java:439)
	at com.kms.katalon.core.main.TestCaseExecutor.processExecutionPhase(TestCaseExecutor.java:418)
	at com.kms.katalon.core.main.TestCaseExecutor.accessMainPhase(TestCaseExecutor.java:410)
	at com.kms.katalon.core.main.TestCaseExecutor.execute(TestCaseExecutor.java:285)
	at com.kms.katalon.core.common.CommonExecutor.accessTestCaseMainPhase(CommonExecutor.java:65)
	at com.kms.katalon.core.main.TestSuiteExecutor.accessTestSuiteMainPhase(TestSuiteExecutor.java:148)
	at com.kms.katalon.core.main.TestSuiteExecutor.execute(TestSuiteExecutor.java:106)
	at com.kms.katalon.core.main.TestCaseMain.startTestSuite(TestCaseMain.java:187)
	at com.kms.katalon.core.main.TestCaseMain$startTestSuite$0.call(Unknown Source)
	at TempTestSuite1697635122805.run(TempTestSuite1697635122805.groovy:36)]]></system-err>
      </testcase>
      <testcase name="Test Cases/ANDROID/MAR PI/ANDROID_EN_getSubscriptionConfigForMAR_Imagine" time="2.255" classname="Test Cases/ANDROID/MAR PI/ANDROID_EN_getSubscriptionConfigForMAR_Imagine" status="PASSED">
         <system-out><![CDATA[2023-10-18 16:19:43 - [TEST_CASE][PASSED] - Test Cases/ANDROID/MAR PI/ANDROID_EN_getSubscriptionConfigForMAR_Imagine: Test Cases/ANDROID/MAR PI/ANDROID_EN_getSubscriptionConfigForMAR_Imagine

2023-10-18 16:19:43 - [TEST_STEP][PASSED] - getResponse = config_files.getConfigFile.getConfig("ANDROID_APP", "EN", "SHAHID_VIP_GEA", "MA", "false"): config_files.getConfigFile.getConfig is PASSED

2023-10-18 16:19:44 - [MESSAGE][INFO] - HAR: /Users/admin/git/shahid-configuration/Reports/20231018_161841/Android/MAR PI/20231018_161842/requests/main/1.har

2023-10-18 16:19:44 - [MESSAGE][PASSED] - Send request successfully

2023-10-18 16:19:44 - [MESSAGE][PASSED] - config_files.getConfigFile.getConfig is PASSED

2023-10-18 16:19:44 - [TEST_STEP][PASSED] - verifyResponseStatusCode(getResponse, 200): Verify response status code successfully

2023-10-18 16:19:44 - [MESSAGE][PASSED] - Verify response status code successfully

2023-10-18 16:19:44 - [TEST_STEP][PASSED] - verifyElementPropertyValue(getResponse, "country", "MAR"): Verify element property value successfully

2023-10-18 16:19:44 - [MESSAGE][PASSED] - Verify element property value successfully

2023-10-18 16:19:44 - [TEST_STEP][PASSED] - verifyElementPropertyValue(getResponse, "platform", "[ANDROID_APP]"): Verify element property value successfully

2023-10-18 16:19:44 - [MESSAGE][PASSED] - Verify element property value successfully

2023-10-18 16:19:44 - [TEST_STEP][PASSED] - verifyElementPropertyValue(getResponse, "groups[0].pricingPlans[0].featured", "true"): Verify element property value successfully

2023-10-18 16:19:44 - [MESSAGE][PASSED] - Verify element property value successfully

2023-10-18 16:19:44 - [TEST_STEP][PASSED] - verifyElementPropertyValue(getResponse, "groups[0].pricingPlans[0].packageId", "SHAHID_VIP_GEA"): Verify element property value successfully

2023-10-18 16:19:44 - [MESSAGE][PASSED] - Verify element property value successfully

2023-10-18 16:19:44 - [TEST_STEP][PASSED] - verifyElementPropertyValue(getResponse, "groups[0].pricingPlans[0].catalogId", "GEA"): Verify element property value successfully

2023-10-18 16:19:44 - [MESSAGE][PASSED] - Verify element property value successfully

2023-10-18 16:19:44 - [TEST_STEP][PASSED] - verifyElementPropertyValue(getResponse, "groups[0].pricingPlans[0].visualElements[0].key", "Header_1_text"): Verify element property value successfully

2023-10-18 16:19:44 - [MESSAGE][PASSED] - Verify element property value successfully

2023-10-18 16:19:44 - [TEST_STEP][PASSED] - verifyElementPropertyValue(getResponse, "groups[0].pricingPlans[0].visualElements[0].value", "Watch the most powerful series and movies exclusively without stopping"): Verify element property value successfully

2023-10-18 16:19:44 - [MESSAGE][PASSED] - Verify element property value successfully

2023-10-18 16:19:44 - [TEST_STEP][PASSED] - verifyElementPropertyValue(getResponse, "groups[0].pricingPlans[0].visualElements[1].key", "display_title"): Verify element property value successfully

2023-10-18 16:19:44 - [MESSAGE][PASSED] - Verify element property value successfully

2023-10-18 16:19:44 - [TEST_STEP][PASSED] - verifyElementPropertyValue(getResponse, "groups[0].pricingPlans[0].visualElements[1].value", "Monthly Plan"): Verify element property value successfully

2023-10-18 16:19:44 - [MESSAGE][PASSED] - Verify element property value successfully

2023-10-18 16:19:44 - [TEST_STEP][PASSED] - verifyElementPropertyValue(getResponse, "groups[0].pricingPlans[0].visualElements[3].key", "promo_text"): Verify element property value successfully

2023-10-18 16:19:44 - [MESSAGE][PASSED] - Verify element property value successfully

2023-10-18 16:19:44 - [TEST_STEP][PASSED] - verifyElementPropertyValue(getResponse, "groups[0].pricingPlans[0].visualElements[3].value", "62 DH / month"): Verify element property value successfully

2023-10-18 16:19:44 - [MESSAGE][PASSED] - Verify element property value successfully

2023-10-18 16:19:44 - [TEST_STEP][PASSED] - verifyElementPropertyValue(getResponse, "groups[0].pricingPlans[0].visualElements[4].key", "deduction_text"): Verify element property value successfully

2023-10-18 16:19:44 - [MESSAGE][PASSED] - Verify element property value successfully

2023-10-18 16:19:44 - [TEST_STEP][PASSED] - verifyElementPropertyValue(getResponse, "groups[0].pricingPlans[0].visualElements[4].value", "billed every month"): Verify element property value successfully

2023-10-18 16:19:44 - [MESSAGE][PASSED] - Verify element property value successfully

2023-10-18 16:19:44 - [TEST_STEP][PASSED] - verifyElementPropertyValue(getResponse, "groups[0].pricingPlans[0].visualElements[7].key", "show_payment_logo"): Verify element property value successfully

2023-10-18 16:19:44 - [MESSAGE][PASSED] - Verify element property value successfully

2023-10-18 16:19:44 - [TEST_STEP][PASSED] - verifyElementPropertyValue(getResponse, "groups[0].pricingPlans[0].visualElements[7].value", "true"): Verify element property value successfully

2023-10-18 16:19:44 - [MESSAGE][PASSED] - Verify element property value successfully

2023-10-18 16:19:44 - [TEST_STEP][PASSED] - verifyElementPropertyValue(getResponse, "groups[0].pricingPlans[0].visualElements[8].key", "show_tag"): Verify element property value successfully

2023-10-18 16:19:44 - [MESSAGE][PASSED] - Verify element property value successfully

2023-10-18 16:19:44 - [TEST_STEP][PASSED] - verifyElementPropertyValue(getResponse, "groups[0].pricingPlans[0].visualElements[8].value", "false"): Verify element property value successfully

2023-10-18 16:19:44 - [MESSAGE][PASSED] - Verify element property value successfully

2023-10-18 16:19:44 - [TEST_STEP][PASSED] - verifyElementPropertyValue(getResponse, "groups[0].pricingPlans[0].visualElements[10].key", "price"): Verify element property value successfully

2023-10-18 16:19:45 - [MESSAGE][PASSED] - Verify element property value successfully

2023-10-18 16:19:45 - [TEST_STEP][PASSED] - verifyElementPropertyValue(getResponse, "groups[0].pricingPlans[0].visualElements[10].value", "62"): Verify element property value successfully

2023-10-18 16:19:45 - [MESSAGE][PASSED] - Verify element property value successfully

2023-10-18 16:19:45 - [TEST_STEP][PASSED] - verifyElementPropertyValue(getResponse, "groups[0].pricingPlans[0].visualElements[11].key", "currency"): Verify element property value successfully

2023-10-18 16:19:45 - [MESSAGE][PASSED] - Verify element property value successfully

2023-10-18 16:19:45 - [TEST_STEP][PASSED] - verifyElementPropertyValue(getResponse, "groups[0].pricingPlans[0].visualElements[11].value", "DH"): Verify element property value successfully

2023-10-18 16:19:45 - [MESSAGE][PASSED] - Verify element property value successfully

2023-10-18 16:19:45 - [TEST_STEP][PASSED] - verifyElementPropertyValue(getResponse, "groups[0].pricingPlans[0].visualElements[12].key", "duration"): Verify element property value successfully

2023-10-18 16:19:45 - [MESSAGE][PASSED] - Verify element property value successfully

2023-10-18 16:19:45 - [TEST_STEP][PASSED] - verifyElementPropertyValue(getResponse, "groups[0].pricingPlans[0].visualElements[12].value", "Monthly"): Verify element property value successfully

2023-10-18 16:19:45 - [MESSAGE][PASSED] - Verify element property value successfully

2023-10-18 16:19:45 - [TEST_STEP][PASSED] - verifyElementPropertyValue(getResponse, "groups[0].pricingPlans[0].visualElements[13].key", "featured_tag_text"): Verify element property value successfully

2023-10-18 16:19:45 - [MESSAGE][PASSED] - Verify element property value successfully

2023-10-18 16:19:45 - [TEST_STEP][PASSED] - verifyElementPropertyValue(getResponse, "groups[0].pricingPlans[0].visualElements[13].value", "Most popular"): Verify element property value successfully

2023-10-18 16:19:45 - [MESSAGE][PASSED] - Verify element property value successfully

2023-10-18 16:19:45 - [TEST_STEP][PASSED] - verifyElementPropertyValue(getResponse, "groups[0].pricingPlans[0].order", "6"): Verify element property value successfully

2023-10-18 16:19:45 - [MESSAGE][PASSED] - Verify element property value successfully

2023-10-18 16:19:45 - [TEST_STEP][PASSED] - verifyElementPropertyValue(getResponse, "groups[0].pricingPlans[0].period", "monthly"): Verify element property value successfully

2023-10-18 16:19:45 - [MESSAGE][PASSED] - Verify element property value successfully

2023-10-18 16:19:45 - [TEST_STEP][PASSED] - verifyElementPropertyValue(getResponse, "groups[0].pricingPlans[0].price", "62.0"): Verify element property value successfully

2023-10-18 16:19:45 - [MESSAGE][PASSED] - Verify element property value successfully

2023-10-18 16:19:45 - [TEST_STEP][PASSED] - verifyElementPropertyValue(getResponse, "groups[0].pricingPlans[0].currency", "DH"): Verify element property value successfully

2023-10-18 16:19:45 - [MESSAGE][PASSED] - Verify element property value successfully

2023-10-18 16:19:45 - [TEST_STEP][PASSED] - verifyElementPropertyValue(getResponse, "groups[0].pricingPlans[0].pricingPlanData[0].productId", "MAR_B2C_SHAHID_VIP_GEA_1M"): Verify element property value successfully

[...]

2023-10-18 16:20:40 - [MESSAGE][PASSED] - Verify element property value successfully

2023-10-18 16:20:40 - [TEST_STEP][PASSED] - verifyElementPropertyValue(getResponse, "groups[0].pricingPlans[1].visualElements[0].value", "Watch the most powerful series and movies exclusively without stopping"): Verify element property value successfully

2023-10-18 16:20:40 - [MESSAGE][PASSED] - Verify element property value successfully

2023-10-18 16:20:40 - [TEST_STEP][PASSED] - verifyElementPropertyValue(getResponse, "groups[0].pricingPlans[1].visualElements[1].key", "display_title"): Verify element property value successfully

2023-10-18 16:20:40 - [MESSAGE][PASSED] - Verify element property value successfully

2023-10-18 16:20:40 - [TEST_STEP][PASSED] - verifyElementPropertyValue(getResponse, "groups[0].pricingPlans[1].visualElements[1].value", "Annual Plan"): Verify element property value successfully

2023-10-18 16:20:40 - [MESSAGE][PASSED] - Verify element property value successfully

2023-10-18 16:20:40 - [TEST_STEP][PASSED] - verifyElementPropertyValue(getResponse, "groups[0].pricingPlans[1].visualElements[2].key", "tag_text"): Verify element property value successfully

2023-10-18 16:20:40 - [MESSAGE][PASSED] - Verify element property value successfully

2023-10-18 16:20:40 - [TEST_STEP][PASSED] - verifyElementPropertyValue(getResponse, "groups[0].pricingPlans[1].visualElements[2].value", "Save 21%"): Verify element property value successfully

2023-10-18 16:20:40 - [MESSAGE][PASSED] - Verify element property value successfully

2023-10-18 16:20:40 - [TEST_STEP][PASSED] - verifyElementPropertyValue(getResponse, "groups[0].pricingPlans[1].visualElements[3].key", "promo_text"): Verify element property value successfully

2023-10-18 16:20:40 - [MESSAGE][PASSED] - Verify element property value successfully

2023-10-18 16:20:40 - [TEST_STEP][PASSED] - verifyElementPropertyValue(getResponse, "groups[0].pricingPlans[1].visualElements[3].value", "52.33 DH/ month"): Verify element property value successfully

2023-10-18 16:20:40 - [MESSAGE][PASSED] - Verify element property value successfully

2023-10-18 16:20:40 - [TEST_STEP][PASSED] - verifyElementPropertyValue(getResponse, "groups[0].pricingPlans[1].visualElements[4].key", "deduction_text"): Verify element property value successfully

2023-10-18 16:20:40 - [MESSAGE][PASSED] - Verify element property value successfully

2023-10-18 16:20:40 - [TEST_STEP][PASSED] - verifyElementPropertyValue(getResponse, "groups[0].pricingPlans[1].visualElements[4].value", "628 DH billed every year"): Verify element property value successfully

2023-10-18 16:20:40 - [MESSAGE][PASSED] - Verify element property value successfully

2023-10-18 16:20:40 - [TEST_STEP][PASSED] - verifyElementPropertyValue(getResponse, "groups[0].pricingPlans[1].visualElements[7].key", "show_payment_logo"): Verify element property value successfully

2023-10-18 16:20:40 - [MESSAGE][PASSED] - Verify element property value successfully

2023-10-18 16:20:40 - [TEST_STEP][PASSED] - verifyElementPropertyValue(getResponse, "groups[0].pricingPlans[1].visualElements[7].value", "true"): Verify element property value successfully

2023-10-18 16:20:40 - [MESSAGE][PASSED] - Verify element property value successfully

2023-10-18 16:20:40 - [TEST_STEP][PASSED] - verifyElementPropertyValue(getResponse, "groups[0].pricingPlans[1].visualElements[8].key", "show_tag"): Verify element property value successfully

2023-10-18 16:20:40 - [MESSAGE][PASSED] - Verify element property value successfully

2023-10-18 16:20:40 - [TEST_STEP][PASSED] - verifyElementPropertyValue(getResponse, "groups[0].pricingPlans[1].visualElements[8].value", "true"): Verify element property value successfully

2023-10-18 16:20:40 - [MESSAGE][PASSED] - Verify element property value successfully

2023-10-18 16:20:40 - [TEST_STEP][PASSED] - verifyElementPropertyValue(getResponse, "groups[0].pricingPlans[1].visualElements[10].key", "price"): Verify element property value successfully

2023-10-18 16:20:40 - [MESSAGE][PASSED] - Verify element property value successfully

2023-10-18 16:20:40 - [TEST_STEP][PASSED] - verifyElementPropertyValue(getResponse, "groups[0].pricingPlans[1].visualElements[10].value", "628"): Verify element property value successfully

2023-10-18 16:20:40 - [MESSAGE][PASSED] - Verify element property value successfully

2023-10-18 16:20:40 - [TEST_STEP][PASSED] - verifyElementPropertyValue(getResponse, "groups[0].pricingPlans[1].visualElements[11].key", "currency"): Verify element property value successfully

2023-10-18 16:20:40 - [MESSAGE][PASSED] - Verify element property value successfully

2023-10-18 16:20:40 - [TEST_STEP][PASSED] - verifyElementPropertyValue(getResponse, "groups[0].pricingPlans[1].visualElements[11].value", "DH"): Verify element property value successfully

2023-10-18 16:20:40 - [MESSAGE][PASSED] - Verify element property value successfully

2023-10-18 16:20:40 - [TEST_STEP][PASSED] - verifyElementPropertyValue(getResponse, "groups[0].pricingPlans[1].visualElements[12].key", "duration"): Verify element property value successfully

2023-10-18 16:20:40 - [MESSAGE][PASSED] - Verify element property value successfully

2023-10-18 16:20:40 - [TEST_STEP][PASSED] - verifyElementPropertyValue(getResponse, "groups[0].pricingPlans[1].visualElements[12].value", "yearly"): Verify element property value successfully

2023-10-18 16:20:40 - [MESSAGE][PASSED] - Verify element property value successfully

2023-10-18 16:20:40 - [TEST_STEP][PASSED] - verifyElementPropertyValue(getResponse, "groups[0].pricingPlans[1].order", "5"): Verify element property value successfully

2023-10-18 16:20:40 - [MESSAGE][PASSED] - Verify element property value successfully

2023-10-18 16:20:40 - [TEST_STEP][PASSED] - verifyElementPropertyValue(getResponse, "groups[0].pricingPlans[1].period", "yearly"): Verify element property value successfully

2023-10-18 16:20:40 - [MESSAGE][PASSED] - Verify element property value successfully

2023-10-18 16:20:40 - [TEST_STEP][PASSED] - verifyElementPropertyValue(getResponse, "groups[0].pricingPlans[1].price", "628.0"): Verify element property value successfully

2023-10-18 16:20:40 - [MESSAGE][PASSED] - Verify element property value successfully

2023-10-18 16:20:40 - [TEST_STEP][PASSED] - verifyElementPropertyValue(getResponse, "groups[0].pricingPlans[1].currency", "DH"): Verify element property value successfully

2023-10-18 16:20:40 - [MESSAGE][PASSED] - Verify element property value successfully

2023-10-18 16:20:40 - [TEST_STEP][PASSED] - verifyElementPropertyValue(getResponse, "groups[0].pricingPlans[1].pricingPlanData[0].productId", "MAR_B2C_SHAHID_VIP_SPORT_12M"): Verify element property value successfully

2023-10-18 16:20:40 - [MESSAGE][PASSED] - Verify element property value successfully

2023-10-18 16:20:40 - [TEST_STEP][PASSED] - verifyElementPropertyValue(getResponse, "groups[0].pricingPlans[1].pricingPlanData[0].subPricingPlanIds", "[net.shahid.yearly.vipsports]"): Verify element property value successfully

2023-10-18 16:20:40 - [MESSAGE][PASSED] - Verify element property value successfully

2023-10-18 16:20:40 - [TEST_STEP][PASSED] - verifyElementPropertyValue(getResponse, "groups[0].pricingPlans[1].pricingPlanData[0].paymentMethod", "GOOGLE_IAP"): Verify element property value successfully

2023-10-18 16:20:40 - [MESSAGE][PASSED] - Verify element property value successfully

2023-10-18 16:20:40 - [TEST_STEP][PASSED] - verifyElementPropertyValue(getResponse, "groups[0].pricingPlans[1].pricingPlanData[0].freeTrialEnabled", "false"): Verify element property value successfully

2023-10-18 16:20:40 - [MESSAGE][PASSED] - Verify element property value successfully

2023-10-18 16:20:40 - [TEST_STEP][PASSED] - verifyElementPropertyValue(getResponse, "groups[0].pricingPlans[1].pricingPlanData[0].visualElements[1].key", "CTA_text"): Verify element property value successfully

2023-10-18 16:20:40 - [MESSAGE][PASSED] - Verify element property value successfully

2023-10-18 16:20:40 - [TEST_STEP][PASSED] - verifyElementPropertyValue(getResponse, "groups[0].pricingPlans[1].pricingPlanData[0].visualElements[1].value", "Subscribe"): Verify element property value successfully

2023-10-18 16:20:40 - [MESSAGE][PASSED] - Verify element property value successfully

2023-10-18 16:20:40 - [TEST_STEP][PASSED] - verifyElementPropertyValue(getResponse, "groups[0].pricingPlans[1].pricingPlanData[0].visualElements[2].key", "logo"): Verify element property value successfully

2023-10-18 16:20:40 - [MESSAGE][PASSED] - Verify element property value successfully

2023-10-18 16:20:40 - [TEST_STEP][PASSED] - verifyElementPropertyValue(getResponse, "groups[0].pricingPlans[1].pricingPlanData[0].visualElements[2].value", "google"): Verify element property value successfully

2023-10-18 16:20:40 - [MESSAGE][PASSED] - Verify element property value successfully

2023-10-18 16:20:40 - [TEST_STEP][PASSED] - verifyElementPropertyValue(getResponse, "groups[0].pricingPlans[1].pricingPlanData[0].priceLabel", "628"): Verify element property value successfully

2023-10-18 16:20:40 - [MESSAGE][PASSED] - Verify element property value successfully

2023-10-18 16:20:40 - [TEST_STEP][PASSED] - verifyElementPropertyValue(getResponse, "groups[0].pricingPlans[1].pricingPlanData[0].currencyLabel", "DH"): Verify element property value successfully

2023-10-18 16:20:40 - [MESSAGE][PASSED] - Verify element property value successfully

2023-10-18 16:20:40 - [TEST_STEP][PASSED] - verifyElementPropertyValue(getResponse, "visualElements[0].key", "main_CTA_text_1"): Verify element property value successfully

2023-10-18 16:20:40 - [MESSAGE][PASSED] - Verify element property value successfully

2023-10-18 16:20:40 - [TEST_STEP][PASSED] - verifyElementPropertyValue(getResponse, "visualElements[0].value", "Watch the most powerful series and movies exclusively without stopping"): Verify element property value successfully

2023-10-18 16:20:40 - [MESSAGE][PASSED] - Verify element property value successfully

2023-10-18 16:20:40 - [TEST_STEP][PASSED] - verifyElementPropertyValue(getResponse, "visualElements[2].key", "main_disclaimer_text"): Verify element property value successfully

2023-10-18 16:20:40 - [MESSAGE][PASSED] - Verify element property value successfully

2023-10-18 16:20:40 - [TEST_STEP][PASSED] - verifyElementPropertyValue(getResponse, "visualElements[2].value", "This offer is not valid for users previously subscribed through Google Play. Subscription fees may vary depending on the country, payment method, subscription package, added tax, currency conversion factor, and bank fees. Terms and conditions apply."): Verify element property value successfully

2023-10-18 16:20:40 - [MESSAGE][PASSED] - Verify element property value successfully

2023-10-18 16:20:40 - [TEST_STEP][PASSED] - verifyElementPropertyValue(getResponse, "visualElements[4].key", "display_type"): Verify element property value successfully

2023-10-18 16:20:40 - [MESSAGE][PASSED] - Verify element property value successfully

2023-10-18 16:20:40 - [TEST_STEP][PASSED] - verifyElementPropertyValue(getResponse, "visualElements[4].value", "vertical"): Verify element property value successfully

2023-10-18 16:20:40 - [MESSAGE][PASSED] - Verify element property value successfully

2023-10-18 16:20:40 - [TEST_STEP][PASSED] - verifyElementPropertyValue(getResponse, "defaultPackageId", "SHAHID_VIP"): Verify element property value successfully

2023-10-18 16:20:40 - [MESSAGE][PASSED] - Verify element property value successfully]]></system-out>
         <system-err><![CDATA[2023-10-18 16:20:22 - [TEST_CASE][FAILED] - Test Cases/ANDROID/MAR PI/ANDROID_EN_getSubscriptionConfigForMAR_SPORT: Test Cases/ANDROID/MAR PI/ANDROID_EN_getSubscriptionConfigForMAR_SPORT FAILED.
Reason:
com.kms.katalon.core.exception.StepFailedException: Expected element property value '30% Discount Offer' is not equal with actual property value '30% Discount Offer​'
	at com.kms.katalon.core.keyword.internal.KeywordMain.stepFailed(KeywordMain.groovy:39)
	at com.kms.katalon.core.webservice.keyword.builtin.VerifyElementPropertyValueKeyword$_verifyElementPropertyValue_closure1.doCall(VerifyElementPropertyValueKeyword.groovy:56)
	at com.kms.katalon.core.webservice.keyword.builtin.VerifyElementPropertyValueKeyword$_verifyElementPropertyValue_closure1.call(VerifyElementPropertyValueKeyword.groovy)
	at com.kms.katalon.core.keyword.internal.KeywordMain.runKeyword(KeywordMain.groovy:75)
	at com.kms.katalon.core.webservice.keyword.builtin.VerifyElementPropertyValueKeyword.verifyElementPropertyValue(VerifyElementPropertyValueKeyword.groovy:48)
	at com.kms.katalon.core.webservice.keyword.builtin.VerifyElementPropertyValueKeyword.execute(VerifyElementPropertyValueKeyword.groovy:43)
	at com.kms.katalon.core.keyword.internal.KeywordExecutor.executeKeywordForPlatform(KeywordExecutor.groovy:74)
	at com.kms.katalon.core.webservice.keyword.WSBuiltInKeywords.verifyElementPropertyValue(WSBuiltInKeywords.groovy:190)
	at com.kms.katalon.core.webservice.keyword.WSBuiltInKeywords$verifyElementPropertyValue$1.call(Unknown Source)
	at ANDROID_EN_getSubscriptionConfigForMAR_SPORT.run(ANDROID_EN_getSubscriptionConfigForMAR_SPORT:60)
	at com.kms.katalon.core.main.ScriptEngine.run(ScriptEngine.java:194)
	at com.kms.katalon.core.main.ScriptEngine.runScriptAsRawText(ScriptEngine.java:119)
	at com.kms.katalon.core.main.TestCaseExecutor.runScript(TestCaseExecutor.java:448)
	at com.kms.katalon.core.main.TestCaseExecutor.doExecute(TestCaseExecutor.java:439)
	at com.kms.katalon.core.main.TestCaseExecutor.processExecutionPhase(TestCaseExecutor.java:418)
	at com.kms.katalon.core.main.TestCaseExecutor.accessMainPhase(TestCaseExecutor.java:410)
	at com.kms.katalon.core.main.TestCaseExecutor.execute(TestCaseExecutor.java:285)
	at com.kms.katalon.core.common.CommonExecutor.accessTestCaseMainPhase(CommonExecutor.java:65)
	at com.kms.katalon.core.main.TestSuiteExecutor.accessTestSuiteMainPhase(TestSuiteExecutor.java:148)
	at com.kms.katalon.core.main.TestSuiteExecutor.execute(TestSuiteExecutor.java:106)
	at com.kms.katalon.core.main.TestCaseMain.startTestSuite(TestCaseMain.java:187)
	at com.kms.katalon.core.main.TestCaseMain$startTestSuite$0.call(Unknown Source)
	at TempTestSuite1697635122805.run(TempTestSuite1697635122805.groovy:36)]]></system-err>
      </testcase>
      <system-out><![CDATA[2023-10-18 16:19:36 - [TEST_SUITE][FAILED] - MAR PI: Test Cases/ANDROID/MAR PI/ANDROID_FR_getSubscriptionConfigForMAR_SPORT FAILED.
Reason:
com.kms.katalon.core.exception.StepFailedException: Expected element property value 'Plan Annuel ' is not equal with actual property value 'Plan Annuel ​'
	at com.kms.katalon.core.keyword.internal.KeywordMain.stepFailed(KeywordMain.groovy:39)
	at com.kms.katalon.core.webservice.keyword.builtin.VerifyElementPropertyValueKeyword$_verifyElementPropertyValue_closure1.doCall(VerifyElementPropertyValueKeyword.groovy:56)
	at com.kms.katalon.core.webservice.keyword.builtin.VerifyElementPropertyValueKeyword$_verifyElementPropertyValue_closure1.call(VerifyElementPropertyValueKeyword.groovy)
	at com.kms.katalon.core.keyword.internal.KeywordMain.runKeyword(KeywordMain.groovy:75)
	at com.kms.katalon.core.webservice.keyword.builtin.VerifyElementPropertyValueKeyword.verifyElementPropertyValue(VerifyElementPropertyValueKeyword.groovy:48)
	at com.kms.katalon.core.webservice.keyword.builtin.VerifyElementPropertyValueKeyword.execute(VerifyElementPropertyValueKeyword.groovy:43)
	at com.kms.katalon.core.keyword.internal.KeywordExecutor.executeKeywordForPlatform(KeywordExecutor.groovy:74)
	at com.kms.katalon.core.webservice.keyword.WSBuiltInKeywords.verifyElementPropertyValue(WSBuiltInKeywords.groovy:190)
	at com.kms.katalon.core.webservice.keyword.WSBuiltInKeywords$verifyElementPropertyValue$1.call(Unknown Source)
	at ANDROID_FR_getSubscriptionConfigForMAR_SPORT.run(ANDROID_FR_getSubscriptionConfigForMAR_SPORT:244)
	at com.kms.katalon.core.main.ScriptEngine.run(ScriptEngine.java:194)
	at com.kms.katalon.core.main.ScriptEngine.runScriptAsRawText(ScriptEngine.java:119)
	at com.kms.katalon.core.main.TestCaseExecutor.runScript(TestCaseExecutor.java:448)
	at com.kms.katalon.core.main.TestCaseExecutor.doExecute(TestCaseExecutor.java:439)
	at com.kms.katalon.core.main.TestCaseExecutor.processExecutionPhase(TestCaseExecutor.java:418)
	at com.kms.katalon.core.main.TestCaseExecutor.accessMainPhase(TestCaseExecutor.java:410)
	at com.kms.katalon.core.main.TestCaseExecutor.execute(TestCaseExecutor.java:285)
	at com.kms.katalon.core.common.CommonExecutor.accessTestCaseMainPhase(CommonExecutor.java:65)
	at com.kms.katalon.core.main.TestSuiteExecutor.accessTestSuiteMainPhase(TestSuiteExecutor.java:148)
	at com.kms.katalon.core.main.TestSuiteExecutor.execute(TestSuiteExecutor.java:106)
	at com.kms.katalon.core.main.TestCaseMain.startTestSuite(TestCaseMain.java:187)
	at com.kms.katalon.core.main.TestCaseMain$startTestSuite$0.call(Unknown Source)
	at TempTestSuite1697635122805.run(TempTestSuite1697635122805.groovy:36)]]></system-out>
      <system-err><![CDATA[2023-10-18 16:19:36 - [TEST_SUITE][FAILED] - MAR PI: Test Cases/ANDROID/MAR PI/ANDROID_FR_getSubscriptionConfigForMAR_SPORT FAILED.
Reason:
com.kms.katalon.core.exception.StepFailedException: Expected element property value 'Plan Annuel ' is not equal with actual property value 'Plan Annuel ​'
	at com.kms.katalon.core.keyword.internal.KeywordMain.stepFailed(KeywordMain.groovy:39)
	at com.kms.katalon.core.webservice.keyword.builtin.VerifyElementPropertyValueKeyword$_verifyElementPropertyValue_closure1.doCall(VerifyElementPropertyValueKeyword.groovy:56)
	at com.kms.katalon.core.webservice.keyword.builtin.VerifyElementPropertyValueKeyword$_verifyElementPropertyValue_closure1.call(VerifyElementPropertyValueKeyword.groovy)
	at com.kms.katalon.core.keyword.internal.KeywordMain.runKeyword(KeywordMain.groovy:75)
	at com.kms.katalon.core.webservice.keyword.builtin.VerifyElementPropertyValueKeyword.verifyElementPropertyValue(VerifyElementPropertyValueKeyword.groovy:48)
	at com.kms.katalon.core.webservice.keyword.builtin.VerifyElementPropertyValueKeyword.execute(VerifyElementPropertyValueKeyword.groovy:43)
	at com.kms.katalon.core.keyword.internal.KeywordExecutor.executeKeywordForPlatform(KeywordExecutor.groovy:74)
	at com.kms.katalon.core.webservice.keyword.WSBuiltInKeywords.verifyElementPropertyValue(WSBuiltInKeywords.groovy:190)
	at com.kms.katalon.core.webservice.keyword.WSBuiltInKeywords$verifyElementPropertyValue$1.call(Unknown Source)
	at ANDROID_FR_getSubscriptionConfigForMAR_SPORT.run(ANDROID_FR_getSubscriptionConfigForMAR_SPORT:244)
	at com.kms.katalon.core.main.ScriptEngine.run(ScriptEngine.java:194)
	at com.kms.katalon.core.main.ScriptEngine.runScriptAsRawText(ScriptEngine.java:119)
	at com.kms.katalon.core.main.TestCaseExecutor.runScript(TestCaseExecutor.java:448)
	at com.kms.katalon.core.main.TestCaseExecutor.doExecute(TestCaseExecutor.java:439)
	at com.kms.katalon.core.main.TestCaseExecutor.processExecutionPhase(TestCaseExecutor.java:418)
	at com.kms.katalon.core.main.TestCaseExecutor.accessMainPhase(TestCaseExecutor.java:410)
	at com.kms.katalon.core.main.TestCaseExecutor.execute(TestCaseExecutor.java:285)
	at com.kms.katalon.core.common.CommonExecutor.accessTestCaseMainPhase(CommonExecutor.java:65)
	at com.kms.katalon.core.main.TestSuiteExecutor.accessTestSuiteMainPhase(TestSuiteExecutor.java:148)
	at com.kms.katalon.core.main.TestSuiteExecutor.execute(TestSuiteExecutor.java:106)
	at com.kms.katalon.core.main.TestCaseMain.startTestSuite(TestCaseMain.java:187)
	at com.kms.katalon.core.main.TestCaseMain$startTestSuite$0.call(Unknown Source)
	at TempTestSuite1697635122805.run(TempTestSuite1697635122805.groovy:36)]]></system-err>
   </testsuite>
</testsuites>
